[08/17/21, 08:59:10:113] info: 
╔══════════════════════════════════════════════════════╗
║      Slack 4.18.0, linux 5.13.10-arch1-1 on x64      ║
╚══════════════════════════════════════════════════════╝ 
[08/17/21, 08:59:10:114] info: Configured logger via 
{
  "shouldUseNewBackend": false,
  "loggerInstanceCount": 1
}
[08/17/21, 08:59:10:121] info: Predefined values for process 
{
  "NODE_ENV": "production",
  "platform": "linux",
  "type": "browser",
  "timeZone": "Europe/Ljubljana",
  "PACKAGE_MANIFEST.productName": "Slack",
  "PACKAGE_MANIFEST.version": "4.18.0",
  "PACKAGE_MANIFEST.commit": "f86c4c4",
  "PACKAGE_MANIFEST.branch": "HEAD"
}
[08/17/21, 08:59:10:231] info: Starting Sentry 
[08/17/21, 08:59:10:232] info: persistUuid:: Generated uuid 
{
  "uuid": "9f3c1895-2d24-55dd-aa85-0f0e94a1123f"
}
[08/17/21, 08:59:10:232] info: persistUuid:: Uuid persisted successfully 
[08/17/21, 08:59:10:235] info: Could not load previous electron version 
[08/17/21, 08:59:10:330] info: Store: persist/PERSIST 
[08/17/21, 08:59:10:331] info: Store: UPDATE_SETTINGS 
{
  "locale": "en-US"
}
[08/17/21, 08:59:10:332] info: Migrating from redux-persist@v4 
[08/17/21, 08:59:10:332] info: Finished migrating state 
{
  "keys": [
    "_persist"
  ],
  "version": 1
}
[08/17/21, 08:59:10:333] info: Store: persist/REHYDRATE 
{
  "_persist": "Persistence version: 1"
}
[08/17/21, 08:59:10:333] info: Store: RECORD_PERFORMANCE_TIMING 
{
  "phase": 0,
  "interval": 6
}
[08/17/21, 08:59:10:334] info: Store: INITIALIZE 
{
  "resourcePath": "/usr/lib/slack/resources/app.asar",
  "silent": true,
  "tsaToken": "[REDACTED]",
  "bootFragments": []
}
[08/17/21, 08:59:10:340] info: Store: SET_SESSION_MODE 
[08/17/21, 08:59:10:345] error: Failed to load calls-desktop-interop.WindowBorderPanel 
{
  "error": {
    "stack": "Error: Module did not self-register: '/usr/lib/slack/resources/app.asar.unpacked/node_modules/@tinyspeck/calls-desktop-interop/build/Release/CallsDesktopInterop.node'.\n    at process.func [as dlopen] (electron/js2c/asar_bundle.js:5:1846)\n    at Object.Module._extensions..node (internal/modules/cjs/loader.js:1138:18)\n    at Object.func [as .node] (electron/js2c/asar_bundle.js:5:2073)\n    at Module.load (internal/modules/cjs/loader.js:935:32)\n    at Module._load (internal/modules/cjs/loader.js:776:14)\n    at Function.f._load (electron/js2c/asar_bundle.js:5:12913)\n    at Module.require (internal/modules/cjs/loader.js:959:19)\n    at require (internal/modules/cjs/helpers.js:88:18)\n    at bindings (/usr/lib/slack/resources/app.asar/node_modules/bindings/bindings.js:112:48)\n    at Object.<anonymous> (/usr/lib/slack/resources/app.asar/node_modules/@tinyspeck/calls-desktop-interop/lib/index.js:1:34)",
    "message": "Module did not self-register: '/usr/lib/slack/resources/app.asar.unpacked/node_modules/@tinyspeck/calls-desktop-interop/build/Release/CallsDesktopInterop.node'."
  },
  "stackFrameString": "[{\"columnNumber\":1846,\"lineNumber\":5,\"fileName\":\"electron/js2c/asar_bundle.js\",\"functionName\":\"process.func [as dlopen]\",\"source\":\"    at process.func [as dlopen] (electron/js2c/asar_bundle.js:5:1846)\"},{\"columnNumber\":18,\"lineNumber\":1138,\"fileName\":\"internal/modules/cjs/loader.js\",\"functionName\":\"Object.Module._extensions..node\",\"source\":\"    at Object.Module._extensions..node (internal/modules/cjs/loader.js:1138:18)\"},{\"columnNumber\":2073,\"lineNumber\":5,\"fileName\":\"electron/js2c/asar_bundle.js\",\"functionName\":\"Object.func [as .node]\",\"source\":\"    at Object.func [as .node] (electron/js2c/asar_bundle.js:5:2073)\"},{\"columnNumber\":32,\"lineNumber\":935,\"fileName\":\"internal/modules/cjs/loader.js\",\"functionName\":\"Module.load\",\"source\":\"    at Module.load (internal/modules/cjs/loader.js:935:32)\"},{\"columnNumber\":14,\"lineNumber\":776,\"fileName\":\"internal/modules/cjs/loader.js\",\"functionName\":\"Module._load\",\"source\":\"    at Module._load (internal/modules/cjs/loader.js:776:14)\"},{\"columnNumber\":12913,\"lineNumber\":5,\"fileName\":\"electron/js2c/asar_bundle.js\",\"functionName\":\"Function.f._load\",\"source\":\"    at Function.f._load (electron/js2c/asar_bundle.js:5:12913)\"},{\"columnNumber\":19,\"lineNumber\":959,\"fileName\":\"internal/modules/cjs/loader.js\",\"functionName\":\"Module.require\",\"source\":\"    at Module.require (internal/modules/cjs/loader.js:959:19)\"},{\"columnNumber\":18,\"lineNumber\":88,\"fileName\":\"internal/modules/cjs/helpers.js\",\"functionName\":\"require\",\"source\":\"    at require (internal/modules/cjs/helpers.js:88:18)\"},{\"columnNumber\":48,\"lineNumber\":112,\"fileName\":\"/usr/lib/slack/resources/app.asar/node_modules/bindings/bindings.js\",\"functionName\":\"bindings\",\"source\":\"    at bindings (/usr/lib/slack/resources/app.asar/node_modules/bindings/bindings.js:112:48)\"},{\"columnNumber\":34,\"lineNumber\":1,\"fileName\":\"/usr/lib/slack/resources/app.asar/node_modules/@tinyspeck/calls-desktop-interop/lib/index.js\",\"functionName\":\"Object.<anonymous>\",\"source\":\"    at Object.<anonymous> (/usr/lib/slack/resources/app.asar/node_modules/@tinyspeck/calls-desktop-interop/lib/index.js:1:34)\"}]"
}
[08/17/21, 08:59:10:360] warn: Failed to install protocol handler for slack:// links 
[08/17/21, 08:59:10:364] warn: Couldn't get Linux distro info from lsb_release, trying fallback to get Linux distro info 
{
  "error": {
    "stack": "Error: Command failed: lsb_release -a --short\n/bin/sh: line 1: lsb_release: command not found\n\n    at ChildProcess.exithandler (child_process.js:317:12)\n    at ChildProcess.emit (events.js:315:20)\n    at ChildProcess.EventEmitter.emit (domain.js:467:12)\n    at maybeClose (internal/child_process.js:1048:16)\n    at Socket.<anonymous> (internal/child_process.js:439:11)\n    at Socket.emit (events.js:315:20)\n    at Socket.EventEmitter.emit (domain.js:467:12)\n    at Pipe.<anonymous> (net.js:673:12)",
    "message": "Command failed: lsb_release -a --short\n/bin/sh: line 1: lsb_release: command not found\n",
    "killed": false,
    "code": 127,
    "signal": null,
    "cmd": "lsb_release -a --short",
    "stdout": "",
    "stderr": "/bin/sh: line 1: lsb_release: command not found\n"
  },
  "stackFrameString": "[{\"columnNumber\":12,\"lineNumber\":317,\"fileName\":\"child_process.js\",\"functionName\":\"ChildProcess.exithandler\",\"source\":\"    at ChildProcess.exithandler (child_process.js:317:12)\"},{\"columnNumber\":20,\"lineNumber\":315,\"fileName\":\"events.js\",\"functionName\":\"ChildProcess.emit\",\"source\":\"    at ChildProcess.emit (events.js:315:20)\"},{\"columnNumber\":12,\"lineNumber\":467,\"fileName\":\"domain.js\",\"functionName\":\"ChildProcess.EventEmitter.emit\",\"source\":\"    at ChildProcess.EventEmitter.emit (domain.js:467:12)\"},{\"columnNumber\":16,\"lineNumber\":1048,\"fileName\":\"internal/child_process.js\",\"functionName\":\"maybeClose\",\"source\":\"    at maybeClose (internal/child_process.js:1048:16)\"},{\"columnNumber\":11,\"lineNumber\":439,\"fileName\":\"internal/child_process.js\",\"functionName\":\"Socket.<anonymous>\",\"source\":\"    at Socket.<anonymous> (internal/child_process.js:439:11)\"},{\"columnNumber\":20,\"lineNumber\":315,\"fileName\":\"events.js\",\"functionName\":\"Socket.emit\",\"source\":\"    at Socket.emit (events.js:315:20)\"},{\"columnNumber\":12,\"lineNumber\":467,\"fileName\":\"domain.js\",\"functionName\":\"Socket.EventEmitter.emit\",\"source\":\"    at Socket.EventEmitter.emit (domain.js:467:12)\"},{\"columnNumber\":12,\"lineNumber\":673,\"fileName\":\"net.js\",\"functionName\":\"Pipe.<anonymous>\",\"source\":\"    at Pipe.<anonymous> (net.js:673:12)\"}]"
}
[08/17/21, 08:59:10:368] info: getLinuxDistro: getos 
{
  "res": {
    "os": "linux",
    "dist": "Arch Linux"
  }
}
[08/17/21, 08:59:10:369] info: Store: READY 
{
  "resourcePath": "/usr/lib/slack/resources/app.asar",
  "silent": true,
  "tsaToken": "[REDACTED]",
  "bootFragments": [],
  "appVersion": "4.18.0",
  "is64Bit": true,
  "isGpuCompositionAvailable": true,
  "isTitleBarHidden": false,
  "platform": "linux",
  "platformVersion": {
    "major": 5,
    "minor": 13,
    "build": 10
  },
  "releaseChannel": "prod",
  "developerMenuOverride": false,
  "uuid": "9f3c1895-2d24-55dd-aa85-0f0e94a1123f",
  "applicationProcessSessionId": "OWYzYzE4OTUtMmQyNC01NWRkLWFhODUtMGYwZTk0YTExMjNmXzE2MjkxODM1NTAzMzQ=",
  "distribution": "DDL",
  "clientFeatureMode": 1000,
  "linux": {
    "os": "Arch Linux",
    "name": "Arch Linux ",
    "release": "",
    "codename": "",
    "desktopEnvironment": "i3"
  }
}
[08/17/21, 08:59:10:369] info: initializeApplicationEpic: trying to set ntlm credential domain for session 
{
  "sessionId": "PROD_DEFAULT_SESSION"
}
[08/17/21, 08:59:10:370] info: initializeApplicationEpic: Welcome to Slack 4.18.0 x64 
[08/17/21, 08:59:10:371] info: AutoLoginEpic: Checking for autologin. 
[08/17/21, 08:59:10:371] info: getIsUpdateSupported: Updates are not supported 
{
  "version": "4.18.0",
  "reasons": [
    "using Linux"
  ],
  "distribution": "DDL",
  "executable": "/usr/lib/slack"
}
[08/17/21, 08:59:10:382] info: Store: SET_ACCESSIBILITY_SUPPORT_ENABLED 
[08/17/21, 08:59:10:382] info: Store: CREATE_WINDOW 
{
  "type": "main"
}
[08/17/21, 08:59:10:383] info: Store: UPDATE_SETTINGS 
{
  "isSignedIntoSlackOrg": false
}
[08/17/21, 08:59:10:385] info: initialSettingsPayload: trying to invalidate settings 
{
  "payload": {
    "useHwAcceleration": true,
    "launchOnStartup": false,
    "PrefSSBFileDownloadPath": "/home/zileto/Downloads",
    "hasRunApp": true
  }
}
[08/17/21, 08:59:10:385] info: Store: UPDATE_SETTINGS 
{
  "useHwAcceleration": true,
  "launchOnStartup": false,
  "PrefSSBFileDownloadPath": "/home/zileto/Downloads",
  "hasRunApp": true
}
[08/17/21, 08:59:10:385] info: Store: SET_UPDATE_SUPPORTED 
[08/17/21, 08:59:10:401] info: System configuration information 
{
  "info": {
    "total_memory_in_gb": 47,
    "gpuFeatures": {
      "2d_canvas": "enabled",
      "gpu_compositing": "enabled",
      "multiple_raster_threads": "enabled_on",
      "oop_rasterization": "disabled_off",
      "opengl": "enabled_on",
      "rasterization": "disabled_software",
      "skia_renderer": "enabled_on",
      "video_decode": "disabled_software",
      "vulkan": "disabled_off",
      "webgl": "enabled",
      "webgl2": "enabled"
    },
    "cpu_model": "Intel(R) Core(TM) i5-8600K CPU @ 3.60GHz",
    "cpu_logical_core": 6,
    "cpu_clock_speed": 3600,
    "gpuDevice": [
      {
        "active": true,
        "cudaComputeCapabilityMajor": 0,
        "deviceId": 16018,
        "vendorId": 32902
      }
    ],
    "machine_model_name": "unknown",
    "machine_model_version": "unknown"
  }
}
[08/17/21, 08:59:10:403] info: Store: TOKEN_FILE_PROCESSED 
[08/17/21, 08:59:10:403] info: AutoLoginEpic: Processing token file for autologin. 
[08/17/21, 08:59:10:404] info: AutoLoginEpic: Completed autologin processing — successfully logged in 0 workspaces. 
[08/17/21, 08:59:10:404] info: AutoLoginEpic: Setting default sign-in team to null 
[08/17/21, 08:59:10:404] info: Store: AUTOLOGIN_TEAMS_COMPLETE 
[08/17/21, 08:59:10:404] info: Store: UPDATE_SETTINGS 
{
  "defaultSigninTeam": null
}
[08/17/21, 08:59:10:405] error: Cannot override webPreferences key(s): webviewTag 
[08/17/21, 08:59:10:410] info: MainWindowEpics: Setting main window ID 
{
  "id": 1
}
[08/17/21, 08:59:10:412] info: Store: WINDOW_CREATED 
{
  "type": "main",
  "id": 1,
  "frame": {
    "isHtmlFullScreen": false,
    "isFullScreen": false,
    "isMinimized": false,
    "isMaximized": false,
    "isVisible": false,
    "isFocused": false,
    "bounds": {
      "x": 880,
      "y": 420,
      "width": 800,
      "height": 600
    }
  }
}
[08/17/21, 08:59:10:414] info: Watching for keyboard layout changes 
[08/17/21, 08:59:10:415] info: Store: RECORD_PERFORMANCE_TIMING 
{
  "phase": 1,
  "interval": 79
}
[08/17/21, 08:59:10:416] info: Store: UPDATE_SETTINGS 
{
  "keyboardLayout": "us"
}
[08/17/21, 08:59:10:417] info: registerLifeCycleEvents: Registering webContents:1 
[08/17/21, 08:59:10:417] info: Store: UPSERT_WEB_CONTENTS 
{
  "id": 1,
  "state": "unloaded"
}
[08/17/21, 08:59:10:652] info: Finished download of spellcheck dictionary 
{
  "code": "en-US"
}
[08/17/21, 08:59:10:656] info: Spellcheck dictionary initialized 
{
  "code": "en-US"
}
[08/17/21, 08:59:10:989] info: registerLifeCycleEvents: webContents:1 from 'unloaded' to 'loaded' took 572 ms 
[08/17/21, 08:59:10:989] info: Store: UPSERT_WEB_CONTENTS 
{
  "id": 1,
  "state": "loaded"
}
[08/17/21, 08:59:10:990] info: initializeMainWindowEpic: Showing main window 
{
  "maximized": false,
  "shouldHide": false,
  "fullScreen": false
}
[08/17/21, 08:59:10:991] info: Store: RECORD_PERFORMANCE_TIMING 
{
  "phase": 2,
  "interval": 578
}
[08/17/21, 08:59:10:992] info: Store: SET_WINDOW_FRAME 
{
  "id": 1,
  "frame": {
    "isVisible": true
  },
  "fromEvent": true
}
[08/17/21, 08:59:10:992] info: Store: MAIN_WINDOW_SHOWN 
[08/17/21, 08:59:10:995] info: Store: UPDATE_SETTINGS 
{
  "mainWindowSettings": {
    "fullScreen": false,
    "maximized": false,
    "bounds": {
      "x": 768,
      "y": 288,
      "width": 1024,
      "height": 864
    }
  }
}
[08/17/21, 08:59:10:996] info: Store: CLEAR_NOTIFICATIONS 
[08/17/21, 08:59:10:999] info: Store: SET_WINDOW_FRAME 
{
  "id": 1,
  "frame": {
    "isFullScreen": false
  },
  "fromEvent": true
}
[08/17/21, 08:59:11:003] info: waitAuthCookieChange: waiting for auth change for session 
{
  "sessionId": "PROD_DEFAULT_SESSION"
}
[08/17/21, 08:59:11:004] info: Store: SET_WINDOW_FRAME 
{
  "id": 1,
  "frame": {
    "isFocused": true
  },
  "fromEvent": true
}
[08/17/21, 08:59:11:042] info: registerLifeCycleEvents: webContents:1 is type 'app' 
[08/17/21, 08:59:11:042] info: Store: UPSERT_WEB_CONTENTS 
{
  "id": 1,
  "type": "app",
  "history": "[REDACTED]"
}
[08/17/21, 08:59:11:045] info: Store: SET_WINDOW_FRAME 
{
  "id": 1,
  "frame": {
    "isVisible": true,
    "isFocused": true
  },
  "fromEvent": true
}
[08/17/21, 08:59:11:401] info: Store: SET_NETWORK_STATUS online
[08/17/21, 08:59:12:005] info: Store: SET_WINDOW_FRAME 
{
  "id": 1,
  "frame": {
    "bounds": {
      "x": 1285,
      "y": 42,
      "width": 1255,
      "height": 1378
    },
    "isMaximized": false
  },
  "fromEvent": true
}
[08/17/21, 08:59:12:006] info: Store: SET_WINDOW_FRAME 
{
  "id": 1,
  "frame": {
    "bounds": {
      "x": 1285,
      "y": 42,
      "width": 1255,
      "height": 1378
    },
    "isMaximized": false
  },
  "fromEvent": true
}
[08/17/21, 08:59:12:073] info: Store: UPDATE_SETTINGS 
{
  "mainWindowSettings": {
    "fullScreen": false,
    "maximized": false,
    "bounds": {
      "x": 1285,
      "y": 42,
      "width": 1255,
      "height": 1378
    }
  }
}
[08/17/21, 08:59:15:331] info: Store: persist/FLUSH 
[08/17/21, 08:59:19:036] info: Store: SET_WINDOW_FRAME 
{
  "id": 1,
  "frame": {
    "isFocused": false
  },
  "fromEvent": true
}
[08/17/21, 09:00:03:177] info: secondInstanceEpic: Received deep link protocol activation 
[08/17/21, 09:00:03:177] info: Store: HANDLE_DEEP_LINK 
{
  "url": "slack://TKFEXMPHT/magic-login/2373120536711-42a3e451828f1031060bac2453f114fd678a9cea18fcd7835facf23726d27295/TNEF1SJ2Y/magic-login/2388048768371-e576f1c7a84debaa24e4867403a261817f7561345e5e45b7cedc30ce4e0f01da"
}
[08/17/21, 09:00:03:181] info: MagicLogin: Making magic login API request to https://app.slack.com/api/ 
[08/17/21, 09:00:03:183] info: Store: MAGIC_LOGIN_IN_PROGRESS true
[08/17/21, 09:00:03:184] info: registerLifeCycleEvents: Registering webContents:2 
[08/17/21, 09:00:03:184] info: Store: UPSERT_WEB_CONTENTS 
{
  "id": 2,
  "state": "unloaded"
}
[08/17/21, 09:00:03:516] info: Store: UPSERT_WEB_CONTENTS 
{
  "id": 1,
  "history": "[REDACTED]"
}
[08/17/21, 09:00:03:541] info: registerLifeCycleEvents: webContents:2 from 'unloaded' to 'loaded' took 357 ms 
[08/17/21, 09:00:03:542] info: Store: UPSERT_WEB_CONTENTS 
{
  "id": 2,
  "state": "loaded"
}
[08/17/21, 09:00:03:546] info: registerLifeCycleEvents: webContents:2 is type 'auth' 
[08/17/21, 09:00:03:546] info: Store: UPSERT_WEB_CONTENTS 
{
  "id": 2,
  "type": "auth",
  "history": "[REDACTED]"
}
[08/17/21, 09:00:03:551] info: registerLifeCycleEvents: webContents:2 from 'loaded' to 'page-closed' took 5 ms 
[08/17/21, 09:00:03:551] info: Store: UPSERT_WEB_CONTENTS 
{
  "id": 2,
  "state": "page-closed"
}
[08/17/21, 09:00:03:556] info: Store: REMOVE_WEB_CONTENTS 
{
  "id": 2
}
[08/17/21, 09:00:04:353] info: registerLifeCycleEvents: webContents:1 from 'loaded' to 'loaded' took 838 ms 
[08/17/21, 09:00:04:354] info: Store: UPSERT_WEB_CONTENTS 
{
  "id": 1,
  "state": "loaded"
}
[08/17/21, 09:00:04:700] info: waitAuthCookieChange: waiting for auth change for session 
{
  "sessionId": "PROD_DEFAULT_SESSION"
}
[08/17/21, 09:00:04:972] info: Store: SET_WINDOW_FRAME 
{
  "id": 1,
  "frame": {
    "isFocused": true
  },
  "fromEvent": true
}
[08/17/21, 09:00:05:055] info: Store: SET_NETWORK_STATUS online
[08/17/21, 09:00:05:258] info: Store: UPDATE_SETTINGS 
{
  "userTheme": "light"
}
[08/17/21, 09:00:05:259] info: Store: UPDATE_SETTINGS 
{
  "systemThemeSyncEnabled": false
}
[08/17/21, 09:00:05:888] info: Store: SYNC (Empty)
[08/17/21, 09:00:05:889] info: Store: SELECTION_CHANGED TNEF1SJ2Y
[08/17/21, 09:00:05:921] info: Store: REDUX_UPDATE_FROM_WEBAPP (TNEF1SJ2Y) Changed keys [theme,notificationPrefs,connectivityPrefs,featureFlags,unreads,locale,version]
[08/17/21, 09:00:05:927] info: Store: REDUX_UPDATE_FROM_WEBAPP (TNEF1SJ2Y) Changed keys [featureFlags,userId]
[08/17/21, 09:00:05:928] info: Store: REDUX_UPDATE_FROM_WEBAPP (TNEF1SJ2Y) Changed keys [theme,notificationPrefs,unreads]
[08/17/21, 09:00:05:928] info: Store: REDUX_UPDATE_FROM_WEBAPP (TNEF1SJ2Y) Changed keys [connectivityPrefs]
[08/17/21, 09:00:05:978] info: Store: SYNC Synced 1 workspaces with IDs [TNEF1SJ2Y]
[08/17/21, 09:00:05:982] info: Store: SELECTION_CHANGED TNEF1SJ2Y
[08/17/21, 09:00:06:156] info: Store: UPDATE_SETTINGS 
{
  "forceHiddenInsetTitleBar": false
}
[08/17/21, 09:00:06:157] info: Store: UPDATE_SETTINGS 
{
  "trafficLightPosition": {
    "x": 14,
    "y": 22
  }
}
[08/17/21, 09:00:06:157] info: Store: UPDATE_SETTINGS 
{
  "isIAEnabled": true
}
[08/17/21, 09:00:06:160] info: Store: EXTEND_MENU global: menucategory-file,menucategory-jump-to
[08/17/21, 09:00:06:164] info: Store: EXTEND_MENU TNEF1SJ2Y: menucategory-file,menucategory-edit,menucategory-history,menucategory-help
[08/17/21, 09:00:06:411] info: Store: EXTEND_MENU TNEF1SJ2Y: menucategory-file,menucategory-edit,menucategory-history,menucategory-help
[08/17/21, 09:00:07:295] info: Store: SET_WINDOW_FRAME 
{
  "id": 1,
  "frame": {
    "isFocused": false
  },
  "fromEvent": true
}
[08/17/21, 09:00:07:785] info: Store: REDUX_UPDATE_FROM_WEBAPP (TKFEXMPHT) Changed keys [theme,notificationPrefs,connectivityPrefs,featureFlags,unreads,locale,version]
[08/17/21, 09:00:07:787] info: Store: REDUX_UPDATE_FROM_WEBAPP (TKFEXMPHT) Changed keys [featureFlags,userId]
[08/17/21, 09:00:07:788] info: Store: REDUX_UPDATE_FROM_WEBAPP (TKFEXMPHT) Changed keys [theme,notificationPrefs,unreads]
[08/17/21, 09:00:07:790] info: Store: REDUX_UPDATE_FROM_WEBAPP (TKFEXMPHT) Changed keys [connectivityPrefs]
[08/17/21, 09:00:07:818] info: Store: SYNC Synced 2 workspaces with IDs [TNEF1SJ2Y,TKFEXMPHT]
[08/17/21, 09:00:07:825] info: Store: SELECTION_CHANGED TNEF1SJ2Y
[08/17/21, 09:00:07:826] info: registerLifeCycleEvents: webContents:1 from 'loaded' to 'webapp-loaded' took 3473 ms 
[08/17/21, 09:00:07:826] info: Store: UPSERT_WEB_CONTENTS 
{
  "id": 1,
  "state": "webapp-loaded"
}
[08/17/21, 09:00:07:830] info: Store: RECORD_PERFORMANCE_TIMING 
{
  "phase": 3,
  "interval": 56840
}
[08/17/21, 09:00:10:372] info: Store: UPDATE_SETTINGS 
{
  "lastClogForProxyInfo": 1629183610372
}
[08/17/21, 09:00:11:315] info: Store: REDUX_UPDATE_FROM_WEBAPP (TKFEXMPHT) Changed keys [unreads]
[08/17/21, 09:00:11:932] info: Store: SET_WINDOW_FRAME 
{
  "id": 1,
  "frame": {
    "isFocused": true
  },
  "fromEvent": true
}
[08/17/21, 09:00:12:820] info: Store: persist/FLUSH 
[08/17/21, 09:00:17:595] info: Store: EXTEND_MENU TNEF1SJ2Y: menucategory-file,menucategory-edit,menucategory-history,menucategory-help
[08/17/21, 09:00:21:230] info: Store: EXTEND_MENU TKFEXMPHT: menucategory-file,menucategory-edit,menucategory-history,menucategory-help
[08/17/21, 09:00:21:308] info: Store: SELECTION_CHANGED TKFEXMPHT
[08/17/21, 09:00:24:250] info: Store: SET_WINDOW_FRAME 
{
  "id": 1,
  "frame": {
    "isFocused": false
  },
  "fromEvent": true
}
[08/17/21, 09:00:24:526] info: Store: SET_WINDOW_FRAME 
{
  "id": 1,
  "frame": {
    "isFocused": true
  },
  "fromEvent": true
}
[08/17/21, 09:00:25:019] info: Store: SET_WINDOW_FRAME 
{
  "id": 1,
  "frame": {
    "isFocused": false
  },
  "fromEvent": true
}
[08/17/21, 09:00:25:541] info: Store: SET_WINDOW_FRAME 
{
  "id": 1,
  "frame": {
    "isFocused": true
  },
  "fromEvent": true
}
[08/17/21, 09:00:26:533] info: Store: SET_WINDOW_FRAME 
{
  "id": 1,
  "frame": {
    "isFocused": false
  },
  "fromEvent": true
}
[08/17/21, 09:00:26:885] info: Store: SET_WINDOW_FRAME 
{
  "id": 1,
  "frame": {
    "isFocused": true
  },
  "fromEvent": true
}
[08/17/21, 09:00:28:077] info: Store: SET_WINDOW_FRAME 
{
  "id": 1,
  "frame": {
    "isFocused": false
  },
  "fromEvent": true
}
[08/17/21, 09:01:01:043] info: Store: SET_SYSTEM_IDLE idle_taskbar
[08/17/21, 09:10:31:418] info: Store: SET_SYSTEM_IDLE idle_presence
[08/17/21, 09:44:42:994] info: Store: SET_SYSTEM_IDLE active
[08/17/21, 09:45:03:008] info: Store: SET_SYSTEM_IDLE idle_taskbar
[08/17/21, 09:49:33:216] info: Store: SET_SYSTEM_IDLE active
[08/17/21, 09:50:13:242] info: Store: SET_SYSTEM_IDLE idle_taskbar
[08/17/21, 09:50:23:244] info: Store: SET_SYSTEM_IDLE active
[08/17/21, 09:50:53:265] info: Store: SET_SYSTEM_IDLE idle_taskbar
[08/17/21, 09:53:23:385] info: Store: SET_SYSTEM_IDLE active
[08/17/21, 09:53:44:708] info: Store: SET_WINDOW_FRAME 
{
  "id": 1,
  "frame": {
    "isFocused": true
  },
  "fromEvent": true
}
[08/17/21, 09:53:47:138] info: Attempted to close the window, hiding due to run from tray 
[08/17/21, 09:53:47:140] info: Store: SET_WINDOW_FRAME 
{
  "id": 1,
  "frame": {
    "isVisible": false
  },
  "fromEvent": true
}
[08/17/21, 09:53:47:143] info: Store: UPDATE_SETTINGS 
{
  "hasRunFromTray": true
}
[08/17/21, 09:53:47:144] info: Store: SHOW_TRAY_BALLOON 
{
  "title": "Why didn’t Slack quit?",
  "content": "Slack’s set to stay running in the notification area. To change this, visit Preferences > Advanced."
}
[08/17/21, 09:53:47:144] info: Tray Handler: Showing a tray balloon with title: Why didn’t Slack quit? 
[08/17/21, 09:53:52:594] info: secondInstanceEpic: Otherwise signaled, foregrounding 
[08/17/21, 09:53:52:594] info: Store: FOREGROUND_APP 
[08/17/21, 09:53:52:595] info: Store: SET_WINDOW_FRAME 
{
  "id": 1,
  "frame": {
    "isVisible": true
  },
  "fromEvent": true
}
[08/17/21, 09:53:53:600] info: Store: SET_WINDOW_FRAME 
{
  "id": 1,
  "frame": {
    "bounds": {
      "x": 20,
      "y": 42,
      "width": 2520,
      "height": 1378
    },
    "isMaximized": false
  },
  "fromEvent": true
}
[08/17/21, 09:53:53:603] info: Store: SET_WINDOW_FRAME 
{
  "id": 1,
  "frame": {
    "bounds": {
      "x": 20,
      "y": 42,
      "width": 2520,
      "height": 1378
    },
    "isMaximized": false
  },
  "fromEvent": true
}
[08/17/21, 09:53:53:666] info: Store: UPDATE_SETTINGS 
{
  "mainWindowSettings": {
    "fullScreen": false,
    "maximized": false,
    "bounds": {
      "x": 20,
      "y": 42,
      "width": 2520,
      "height": 1378
    }
  }
}
[08/17/21, 09:54:01:154] info: Store: EXTEND_MENU TKFEXMPHT: menucategory-file,menucategory-edit,menucategory-history,menucategory-help
[08/17/21, 09:54:07:612] info: Store: UPDATE_SETTINGS 
{
  "userTheme": "dark"
}
[08/17/21, 09:54:07:733] info: Store: REDUX_UPDATE_FROM_WEBAPP (TNEF1SJ2Y) Changed keys [theme]
[08/17/21, 09:54:07:742] info: Store: REDUX_UPDATE_FROM_WEBAPP (TKFEXMPHT) Changed keys [theme]
[08/17/21, 09:54:08:768] info: Store: UPDATE_SETTINGS 
{
  "userTheme": "light"
}
[08/17/21, 09:54:08:852] info: Store: REDUX_UPDATE_FROM_WEBAPP (TNEF1SJ2Y) Changed keys [theme]
[08/17/21, 09:54:08:855] info: Store: REDUX_UPDATE_FROM_WEBAPP (TKFEXMPHT) Changed keys [theme]
[08/17/21, 09:54:12:205] info: Store: REDUX_UPDATE_FROM_WEBAPP (TKFEXMPHT) Changed keys [theme]
[08/17/21, 09:54:12:690] info: Store: REDUX_UPDATE_FROM_WEBAPP (TKFEXMPHT) Changed keys [theme]
[08/17/21, 09:54:19:274] info: Store: EXTEND_MENU TKFEXMPHT: menucategory-file,menucategory-edit,menucategory-history,menucategory-help
[08/17/21, 09:54:20:046] info: Store: REDUX_UPDATE_FROM_WEBAPP (TKFEXMPHT) Changed keys [unreads]
[08/17/21, 09:54:23:495] info: Store: SET_WINDOW_FRAME 
{
  "id": 1,
  "frame": {
    "isFocused": false
  },
  "fromEvent": true
}
[08/17/21, 09:56:03:455] info: Store: SET_SYSTEM_IDLE idle_taskbar
[08/17/21, 09:56:33:468] info: Store: SET_SYSTEM_IDLE active
[08/17/21, 09:57:25:193] info: Store: SET_WINDOW_FRAME 
{
  "id": 1,
  "frame": {
    "isFocused": true
  },
  "fromEvent": true
}
[08/17/21, 09:57:25:717] info: Store: SET_WINDOW_FRAME 
{
  "id": 1,
  "frame": {
    "isFocused": false
  },
  "fromEvent": true
}
[08/17/21, 09:57:36:070] info: Store: SET_WINDOW_FRAME 
{
  "id": 1,
  "frame": {
    "isFocused": true
  },
  "fromEvent": true
}
[08/17/21, 09:57:36:565] info: Store: SET_WINDOW_FRAME 
{
  "id": 1,
  "frame": {
    "isFocused": false
  },
  "fromEvent": true
}
[08/17/21, 09:57:40:314] info: Store: SET_WINDOW_FRAME 
{
  "id": 1,
  "frame": {
    "isFocused": true
  },
  "fromEvent": true
}
[08/17/21, 09:57:41:180] info: Store: SET_WINDOW_FRAME 
{
  "id": 1,
  "frame": {
    "isFocused": false
  },
  "fromEvent": true
}
[08/17/21, 09:57:49:195] info: Store: SET_WINDOW_FRAME 
{
  "id": 1,
  "frame": {
    "bounds": {
      "x": 20,
      "y": 42,
      "width": 1255,
      "height": 1378
    },
    "isMaximized": false
  },
  "fromEvent": true
}
[08/17/21, 09:57:49:262] info: Store: UPDATE_SETTINGS 
{
  "mainWindowSettings": {
    "fullScreen": false,
    "maximized": false,
    "bounds": {
      "x": 20,
      "y": 42,
      "width": 1255,
      "height": 1378
    }
  }
}
[08/17/21, 09:57:50:214] info: Store: SET_WINDOW_FRAME 
{
  "id": 1,
  "frame": {
    "isFocused": true
  },
  "fromEvent": true
}
[08/17/21, 09:57:54:703] info: Store: SET_WINDOW_FRAME 
{
  "id": 1,
  "frame": {
    "isFocused": false
  },
  "fromEvent": true
}
[08/17/21, 09:58:43:545] info: Store: SET_SYSTEM_IDLE idle_taskbar
[08/17/21, 09:59:53:599] info: Store: SET_SYSTEM_IDLE active
[08/17/21, 10:00:23:605] info: Store: SET_SYSTEM_IDLE idle_taskbar
[08/17/21, 10:01:23:643] info: Store: SET_SYSTEM_IDLE active
[08/17/21, 10:01:24:406] info: Store: SET_WINDOW_FRAME 
{
  "id": 1,
  "frame": {
    "isFocused": true
  },
  "fromEvent": true
}
[08/17/21, 10:01:25:407] info: Store: SET_WINDOW_FRAME 
{
  "id": 1,
  "frame": {
    "bounds": {
      "x": 20,
      "y": 42,
      "width": 2520,
      "height": 1378
    },
    "isMaximized": false
  },
  "fromEvent": true
}
[08/17/21, 10:01:25:474] info: Store: UPDATE_SETTINGS 
{
  "mainWindowSettings": {
    "fullScreen": false,
    "maximized": false,
    "bounds": {
      "x": 20,
      "y": 42,
      "width": 2520,
      "height": 1378
    }
  }
}
[08/17/21, 10:01:25:908] info: Store: SET_WINDOW_FRAME 
{
  "id": 1,
  "frame": {
    "isFocused": false
  },
  "fromEvent": true
}
[08/17/21, 10:01:26:862] info: Store: SET_WINDOW_FRAME 
{
  "id": 1,
  "frame": {
    "isFocused": true
  },
  "fromEvent": true
}
[08/17/21, 10:01:27:413] info: Store: SET_WINDOW_FRAME 
{
  "id": 1,
  "frame": {
    "isFocused": false
  },
  "fromEvent": true
}
[08/17/21, 10:01:28:822] info: Store: SET_WINDOW_FRAME 
{
  "id": 1,
  "frame": {
    "isFocused": true
  },
  "fromEvent": true
}
[08/17/21, 10:01:53:655] info: Store: SET_SYSTEM_IDLE idle_taskbar
[08/17/21, 10:04:48:113] info: Store: SET_WINDOW_FRAME 
{
  "id": 1,
  "frame": {
    "isFocused": false
  },
  "fromEvent": true
}
[08/17/21, 10:04:53:788] info: Store: SET_SYSTEM_IDLE active
[08/17/21, 10:10:14:033] info: Store: SET_SYSTEM_IDLE idle_taskbar
[08/17/21, 10:11:24:094] info: Store: SET_SYSTEM_IDLE active
[08/17/21, 10:13:38:658] info: Store: SET_WINDOW_FRAME 
{
  "id": 1,
  "frame": {
    "isFocused": true
  },
  "fromEvent": true
}
[08/17/21, 10:13:40:132] info: Store: SET_WINDOW_FRAME 
{
  "id": 1,
  "frame": {
    "isFocused": false
  },
  "fromEvent": true
}
[08/17/21, 10:13:41:131] info: Store: SET_WINDOW_FRAME 
{
  "id": 1,
  "frame": {
    "bounds": {
      "x": 20,
      "y": 42,
      "width": 1255,
      "height": 1378
    },
    "isMaximized": false
  },
  "fromEvent": true
}
[08/17/21, 10:13:41:196] info: Store: UPDATE_SETTINGS 
{
  "mainWindowSettings": {
    "fullScreen": false,
    "maximized": false,
    "bounds": {
      "x": 20,
      "y": 42,
      "width": 1255,
      "height": 1378
    }
  }
}
[08/17/21, 10:13:49:164] info: Store: SET_WINDOW_FRAME 
{
  "id": 1,
  "frame": {
    "isFocused": true
  },
  "fromEvent": true
}
[08/17/21, 10:13:54:729] info: Store: EXTEND_MENU TKFEXMPHT: menucategory-file,menucategory-edit,menucategory-history,menucategory-help
[08/17/21, 10:15:11:929] info: Store: SET_WINDOW_FRAME 
{
  "id": 1,
  "frame": {
    "isFocused": false
  },
  "fromEvent": true
}
[08/17/21, 10:15:12:451] info: Store: SET_WINDOW_FRAME 
{
  "id": 1,
  "frame": {
    "isFocused": true
  },
  "fromEvent": true
}
[08/17/21, 10:15:53:793] info: Store: SET_WINDOW_FRAME 
{
  "id": 1,
  "frame": {
    "isFocused": false
  },
  "fromEvent": true
}
[08/17/21, 10:15:58:314] info: Store: SET_WINDOW_FRAME 
{
  "id": 1,
  "frame": {
    "isFocused": true
  },
  "fromEvent": true
}
[08/17/21, 10:15:58:319] info: Store: SET_WINDOW_FRAME 
{
  "id": 1,
  "frame": {
    "isFocused": false
  },
  "fromEvent": true
}
[08/17/21, 10:15:58:320] info: Store: SET_WINDOW_FRAME 
{
  "id": 1,
  "frame": {
    "isFocused": true
  },
  "fromEvent": true
}
[08/17/21, 10:15:58:322] info: Store: SET_WINDOW_FRAME 
{
  "id": 1,
  "frame": {
    "isFocused": false
  },
  "fromEvent": true
}
[08/17/21, 10:15:58:323] info: Store: SET_WINDOW_FRAME 
{
  "id": 1,
  "frame": {
    "isFocused": true
  },
  "fromEvent": true
}
[08/17/21, 10:15:59:316] info: Store: SET_WINDOW_FRAME 
{
  "id": 1,
  "frame": {
    "bounds": {
      "x": 20,
      "y": 42,
      "width": 2520,
      "height": 1378
    },
    "isMaximized": false
  },
  "fromEvent": true
}
[08/17/21, 10:15:59:381] info: Store: UPDATE_SETTINGS 
{
  "mainWindowSettings": {
    "fullScreen": false,
    "maximized": false,
    "bounds": {
      "x": 20,
      "y": 42,
      "width": 2520,
      "height": 1378
    }
  }
}
[08/17/21, 10:16:04:469] info: Store: SET_WINDOW_FRAME 
{
  "id": 1,
  "frame": {
    "isFocused": false
  },
  "fromEvent": true
}
[08/17/21, 10:16:06:327] info: Store: SET_WINDOW_FRAME 
{
  "id": 1,
  "frame": {
    "bounds": {
      "x": 20,
      "y": 42,
      "width": 1255,
      "height": 1378
    },
    "isMaximized": false
  },
  "fromEvent": true
}
[08/17/21, 10:16:06:392] info: Store: UPDATE_SETTINGS 
{
  "mainWindowSettings": {
    "fullScreen": false,
    "maximized": false,
    "bounds": {
      "x": 20,
      "y": 42,
      "width": 1255,
      "height": 1378
    }
  }
}
[08/17/21, 10:16:29:386] info: Store: SET_WINDOW_FRAME 
{
  "id": 1,
  "frame": {
    "isFocused": true
  },
  "fromEvent": true
}
[08/17/21, 10:16:30:639] info: Store: SET_WINDOW_FRAME 
{
  "id": 1,
  "frame": {
    "isFocused": false
  },
  "fromEvent": true
}
[08/17/21, 10:17:14:276] info: Store: SET_SYSTEM_IDLE idle_taskbar
[08/17/21, 10:18:14:321] info: Store: SET_SYSTEM_IDLE active
[08/17/21, 10:18:19:015] info: Store: SET_WINDOW_FRAME 
{
  "id": 1,
  "frame": {
    "isFocused": true
  },
  "fromEvent": true
}
[08/17/21, 10:18:19:270] info: Store: SET_WINDOW_FRAME 
{
  "id": 1,
  "frame": {
    "isFocused": false
  },
  "fromEvent": true
}
[08/17/21, 10:18:20:802] info: Store: SET_WINDOW_FRAME 
{
  "id": 1,
  "frame": {
    "isFocused": true
  },
  "fromEvent": true
}
[08/17/21, 10:18:21:133] info: Store: SET_WINDOW_FRAME 
{
  "id": 1,
  "frame": {
    "isFocused": false
  },
  "fromEvent": true
}
[08/17/21, 10:19:54:401] info: Store: SET_SYSTEM_IDLE idle_taskbar
[08/17/21, 10:21:24:463] info: Store: SET_SYSTEM_IDLE active
[08/17/21, 10:22:14:497] info: Store: SET_SYSTEM_IDLE idle_taskbar
[08/17/21, 10:25:14:281] info: Store: SET_WINDOW_FRAME 
{
  "id": 1,
  "frame": {
    "isFocused": true
  },
  "fromEvent": true
}
[08/17/21, 10:25:14:651] info: Store: SET_SYSTEM_IDLE active
[08/17/21, 10:25:23:305] info: Store: SET_WINDOW_FRAME 
{
  "id": 1,
  "frame": {
    "isFocused": false
  },
  "fromEvent": true
}
[08/17/21, 10:31:34:483] info: Store: SET_WINDOW_FRAME 
{
  "id": 1,
  "frame": {
    "isFocused": true
  },
  "fromEvent": true
}
[08/17/21, 10:31:35:106] info: Store: SET_WINDOW_FRAME 
{
  "id": 1,
  "frame": {
    "isFocused": false
  },
  "fromEvent": true
}
[08/17/21, 10:34:43:415] info: Store: SET_WINDOW_FRAME 
{
  "id": 1,
  "frame": {
    "isFocused": true
  },
  "fromEvent": true
}
[08/17/21, 10:34:44:167] info: Store: SET_WINDOW_FRAME 
{
  "id": 1,
  "frame": {
    "isFocused": false
  },
  "fromEvent": true
}
[08/17/21, 10:35:20:347] info: Store: SET_WINDOW_FRAME 
{
  "id": 1,
  "frame": {
    "isFocused": true
  },
  "fromEvent": true
}
[08/17/21, 10:35:20:875] info: Store: SET_WINDOW_FRAME 
{
  "id": 1,
  "frame": {
    "isFocused": false
  },
  "fromEvent": true
}
[08/17/21, 10:38:44:079] info: Store: SET_WINDOW_FRAME 
{
  "id": 1,
  "frame": {
    "isFocused": true
  },
  "fromEvent": true
}
[08/17/21, 10:38:44:189] info: Store: SET_WINDOW_FRAME 
{
  "id": 1,
  "frame": {
    "isFocused": false
  },
  "fromEvent": true
}
[08/17/21, 10:38:46:249] info: Store: SET_WINDOW_FRAME 
{
  "id": 1,
  "frame": {
    "isFocused": true
  },
  "fromEvent": true
}
[08/17/21, 10:38:46:251] info: Store: SET_WINDOW_FRAME 
{
  "id": 1,
  "frame": {
    "isFocused": false
  },
  "fromEvent": true
}
[08/17/21, 10:38:46:253] info: Store: SET_WINDOW_FRAME 
{
  "id": 1,
  "frame": {
    "isFocused": true
  },
  "fromEvent": true
}
[08/17/21, 10:38:46:255] info: Store: SET_WINDOW_FRAME 
{
  "id": 1,
  "frame": {
    "isFocused": false
  },
  "fromEvent": true
}
[08/17/21, 10:38:46:255] info: Store: SET_WINDOW_FRAME 
{
  "id": 1,
  "frame": {
    "isFocused": true
  },
  "fromEvent": true
}
[08/17/21, 10:38:47:250] info: Store: SET_WINDOW_FRAME 
{
  "id": 1,
  "frame": {
    "bounds": {
      "x": 20,
      "y": 42,
      "width": 2520,
      "height": 1378
    },
    "isMaximized": false
  },
  "fromEvent": true
}
[08/17/21, 10:38:47:317] info: Store: UPDATE_SETTINGS 
{
  "mainWindowSettings": {
    "fullScreen": false,
    "maximized": false,
    "bounds": {
      "x": 20,
      "y": 42,
      "width": 2520,
      "height": 1378
    }
  }
}
[08/17/21, 10:38:47:382] info: Store: SET_WINDOW_FRAME 
{
  "id": 1,
  "frame": {
    "isFocused": false
  },
  "fromEvent": true
}
[08/17/21, 10:39:15:262] info: Store: SET_SYSTEM_IDLE idle_taskbar
[08/17/21, 10:40:45:323] info: Store: SET_SYSTEM_IDLE active
[08/17/21, 10:41:05:335] info: Store: SET_SYSTEM_IDLE idle_taskbar
[08/17/21, 10:50:45:818] info: Store: SET_SYSTEM_IDLE idle_presence
[08/17/21, 10:53:45:944] info: Store: SET_SYSTEM_IDLE active
[08/17/21, 10:56:01:138] info: Store: SET_WINDOW_FRAME 
{
  "id": 1,
  "frame": {
    "isFocused": true
  },
  "fromEvent": true
}
[08/17/21, 10:56:01:668] info: Store: SET_WINDOW_FRAME 
{
  "id": 1,
  "frame": {
    "isFocused": false
  },
  "fromEvent": true
}
[08/17/21, 10:59:55:413] info: Store: SET_WINDOW_FRAME 
{
  "id": 1,
  "frame": {
    "isFocused": true
  },
  "fromEvent": true
}
[08/17/21, 10:59:56:712] info: Store: SET_WINDOW_FRAME 
{
  "id": 1,
  "frame": {
    "isFocused": false
  },
  "fromEvent": true
}
[08/17/21, 11:00:36:043] info: Store: SET_WINDOW_FRAME 
{
  "id": 1,
  "frame": {
    "isFocused": true
  },
  "fromEvent": true
}
[08/17/21, 11:00:37:040] info: Store: SET_WINDOW_FRAME 
{
  "id": 1,
  "frame": {
    "isFocused": false
  },
  "fromEvent": true
}
[08/17/21, 11:00:49:996] info: Store: SET_WINDOW_FRAME 
{
  "id": 1,
  "frame": {
    "isFocused": true
  },
  "fromEvent": true
}
[08/17/21, 11:00:50:883] info: Store: SET_WINDOW_FRAME 
{
  "id": 1,
  "frame": {
    "isFocused": false
  },
  "fromEvent": true
}
[08/17/21, 11:04:17:884] info: Store: SET_WINDOW_FRAME 
{
  "id": 1,
  "frame": {
    "isFocused": true
  },
  "fromEvent": true
}
[08/17/21, 11:04:18:536] info: Store: SET_WINDOW_FRAME 
{
  "id": 1,
  "frame": {
    "isFocused": false
  },
  "fromEvent": true
}
[08/17/21, 11:10:12:530] info: Store: SET_WINDOW_FRAME 
{
  "id": 1,
  "frame": {
    "isFocused": true
  },
  "fromEvent": true
}
[08/17/21, 11:10:13:100] info: Store: SET_WINDOW_FRAME 
{
  "id": 1,
  "frame": {
    "isFocused": false
  },
  "fromEvent": true
}
[08/17/21, 11:11:06:256] info: Store: SET_WINDOW_FRAME 
{
  "id": 1,
  "frame": {
    "isFocused": true
  },
  "fromEvent": true
}
[08/17/21, 11:11:06:911] info: Store: SET_WINDOW_FRAME 
{
  "id": 1,
  "frame": {
    "isFocused": false
  },
  "fromEvent": true
}
[08/17/21, 11:13:49:430] info: Store: NEW_NOTIFICATION 
{
  "id": "TKFEXMPHT_1629191627.010000",
  "title": "[REDACTED]",
  "subtitle": "[REDACTED]",
  "content": "[REDACTED]",
  "authorName": "[REDACTED]",
  "avatarImage": "[REDACTED]",
  "teamId": "TKFEXMPHT",
  "userId": "U02AKPCHE0G",
  "msg": "1629191627.010000",
  "channel": "C02A8PB5801",
  "channelName": "[REDACTED]",
  "thread_ts": "1629113346.002400",
  "launchUri": "slack://channel?id=C02A8PB5801&message=1629191627010000&team=TKFEXMPHT&thread_ts=1629113346.002400",
  "silent": true,
  "hasReply": true,
  "trace_id": "{\"traceId\":\"68dc94600c92e365224ec45993aa885a\",\"parentSpanId\":\"bc07aaeb929cbe33\"}"
}
[08/17/21, 11:13:49:434] info: Creating new Electron notification. 
[08/17/21, 11:13:53:681] info: Store: SET_WINDOW_FRAME 
{
  "id": 1,
  "frame": {
    "isFocused": true
  },
  "fromEvent": true
}
[08/17/21, 11:13:53:727] info: Store: REDUX_UPDATE_FROM_WEBAPP (TKFEXMPHT) Changed keys [unreads]
[08/17/21, 11:13:54:386] info: Store: SET_WINDOW_FRAME 
{
  "id": 1,
  "frame": {
    "bounds": {
      "x": 20,
      "y": 42,
      "width": 1255,
      "height": 1378
    },
    "isMaximized": false
  },
  "fromEvent": true
}
[08/17/21, 11:13:54:450] info: Store: UPDATE_SETTINGS 
{
  "mainWindowSettings": {
    "fullScreen": false,
    "maximized": false,
    "bounds": {
      "x": 20,
      "y": 42,
      "width": 1255,
      "height": 1378
    }
  }
}
[08/17/21, 11:13:55:585] info: Store: REDUX_UPDATE_FROM_WEBAPP (TKFEXMPHT) Changed keys [unreads]
[08/17/21, 11:14:17:681] info: Store: SET_WINDOW_FRAME 
{
  "id": 1,
  "frame": {
    "isFocused": false
  },
  "fromEvent": true
}
[08/17/21, 11:20:26:788] info: Store: SET_WINDOW_FRAME 
{
  "id": 1,
  "frame": {
    "isFocused": true
  },
  "fromEvent": true
}
[08/17/21, 11:20:27:496] info: Store: SET_WINDOW_FRAME 
{
  "id": 1,
  "frame": {
    "isFocused": false
  },
  "fromEvent": true
}
[08/17/21, 11:20:28:203] info: Store: SET_WINDOW_FRAME 
{
  "id": 1,
  "frame": {
    "isFocused": true
  },
  "fromEvent": true
}
[08/17/21, 11:20:28:211] info: Store: SET_WINDOW_FRAME 
{
  "id": 1,
  "frame": {
    "isFocused": false
  },
  "fromEvent": true
}
[08/17/21, 11:20:28:215] info: Store: SET_WINDOW_FRAME 
{
  "id": 1,
  "frame": {
    "isFocused": true
  },
  "fromEvent": true
}
[08/17/21, 11:20:28:223] info: Store: SET_WINDOW_FRAME 
{
  "id": 1,
  "frame": {
    "isFocused": false
  },
  "fromEvent": true
}
[08/17/21, 11:20:28:226] info: Store: SET_WINDOW_FRAME 
{
  "id": 1,
  "frame": {
    "isFocused": true
  },
  "fromEvent": true
}
[08/17/21, 11:20:28:819] info: Store: SET_WINDOW_FRAME 
{
  "id": 1,
  "frame": {
    "isFocused": false
  },
  "fromEvent": true
}
[08/17/21, 11:20:29:203] info: Store: SET_WINDOW_FRAME 
{
  "id": 1,
  "frame": {
    "bounds": {
      "x": 20,
      "y": 42,
      "width": 2520,
      "height": 1378
    },
    "isMaximized": false
  },
  "fromEvent": true
}
[08/17/21, 11:20:29:269] info: Store: UPDATE_SETTINGS 
{
  "mainWindowSettings": {
    "fullScreen": false,
    "maximized": false,
    "bounds": {
      "x": 20,
      "y": 42,
      "width": 2520,
      "height": 1378
    }
  }
}
[08/17/21, 11:29:57:619] info: Store: SET_SYSTEM_IDLE idle_taskbar
[08/17/21, 11:30:07:625] info: Store: SET_SYSTEM_IDLE active
[08/17/21, 11:40:18:138] info: Store: SET_SYSTEM_IDLE idle_taskbar
[08/17/21, 11:40:38:153] info: Store: SET_SYSTEM_IDLE active
[08/17/21, 11:43:33:996] info: Store: SET_WINDOW_FRAME 
{
  "id": 1,
  "frame": {
    "isFocused": true
  },
  "fromEvent": true
}
[08/17/21, 11:43:35:128] info: Store: SET_WINDOW_FRAME 
{
  "id": 1,
  "frame": {
    "isFocused": false
  },
  "fromEvent": true
}
[08/17/21, 11:43:35:643] info: Store: SET_WINDOW_FRAME 
{
  "id": 1,
  "frame": {
    "isFocused": true
  },
  "fromEvent": true
}
[08/17/21, 11:44:30:526] info: Store: SET_WINDOW_FRAME 
{
  "id": 1,
  "frame": {
    "isFocused": false
  },
  "fromEvent": true
}
[08/17/21, 11:44:32:153] info: Store: SET_WINDOW_FRAME 
{
  "id": 1,
  "frame": {
    "isFocused": true
  },
  "fromEvent": true
}
[08/17/21, 11:44:32:469] info: Store: SET_WINDOW_FRAME 
{
  "id": 1,
  "frame": {
    "isFocused": false
  },
  "fromEvent": true
}
[08/17/21, 11:48:38:551] info: Store: SET_SYSTEM_IDLE idle_taskbar
[08/17/21, 11:48:58:562] info: Store: SET_SYSTEM_IDLE active
[08/17/21, 11:54:26:253] info: Store: SET_WINDOW_FRAME 
{
  "id": 1,
  "frame": {
    "isFocused": true
  },
  "fromEvent": true
}
[08/17/21, 11:54:27:043] info: Store: SET_WINDOW_FRAME 
{
  "id": 1,
  "frame": {
    "isFocused": false
  },
  "fromEvent": true
}
[08/17/21, 11:55:48:902] info: Store: SET_SYSTEM_IDLE idle_taskbar
[08/17/21, 11:57:39:001] info: Store: SET_SYSTEM_IDLE active
[08/17/21, 11:58:09:023] info: Store: SET_SYSTEM_IDLE idle_taskbar
[08/17/21, 11:59:29:095] info: Store: SET_SYSTEM_IDLE active
[08/17/21, 11:59:59:365] info: Store: SET_WINDOW_FRAME 
{
  "id": 1,
  "frame": {
    "isFocused": true
  },
  "fromEvent": true
}
[08/17/21, 11:59:59:703] info: Store: SET_WINDOW_FRAME 
{
  "id": 1,
  "frame": {
    "isFocused": false
  },
  "fromEvent": true
}
[08/17/21, 12:00:00:703] info: Store: SET_WINDOW_FRAME 
{
  "id": 1,
  "frame": {
    "bounds": {
      "x": 20,
      "y": 42,
      "width": 1255,
      "height": 1378
    },
    "isMaximized": false
  },
  "fromEvent": true
}
[08/17/21, 12:00:00:768] info: Store: UPDATE_SETTINGS 
{
  "mainWindowSettings": {
    "fullScreen": false,
    "maximized": false,
    "bounds": {
      "x": 20,
      "y": 42,
      "width": 1255,
      "height": 1378
    }
  }
}
[08/17/21, 12:01:11:855] info: Store: SET_WINDOW_FRAME 
{
  "id": 1,
  "frame": {
    "bounds": {
      "x": 20,
      "y": 42,
      "width": 829,
      "height": 1378
    },
    "isMaximized": false
  },
  "fromEvent": true
}
[08/17/21, 12:01:11:921] info: Store: UPDATE_SETTINGS 
{
  "mainWindowSettings": {
    "fullScreen": false,
    "maximized": false,
    "bounds": {
      "x": 20,
      "y": 42,
      "width": 829,
      "height": 1378
    }
  }
}
[08/17/21, 12:01:30:312] info: Store: SET_WINDOW_FRAME 
{
  "id": 1,
  "frame": {
    "bounds": {
      "x": 20,
      "y": 42,
      "width": 615,
      "height": 1378
    },
    "isMaximized": false
  },
  "fromEvent": true
}
[08/17/21, 12:01:30:377] info: Store: UPDATE_SETTINGS 
{
  "mainWindowSettings": {
    "fullScreen": false,
    "maximized": false,
    "bounds": {
      "x": 20,
      "y": 42,
      "width": 615,
      "height": 1378
    }
  }
}
[08/17/21, 12:01:50:436] info: Store: SET_WINDOW_FRAME 
{
  "id": 1,
  "frame": {
    "bounds": {
      "x": 20,
      "y": 42,
      "width": 1255,
      "height": 1378
    },
    "isMaximized": false
  },
  "fromEvent": true
}
[08/17/21, 12:01:50:504] info: Store: UPDATE_SETTINGS 
{
  "mainWindowSettings": {
    "fullScreen": false,
    "maximized": false,
    "bounds": {
      "x": 20,
      "y": 42,
      "width": 1255,
      "height": 1378
    }
  }
}
[08/17/21, 12:02:41:012] info: Store: SET_WINDOW_FRAME 
{
  "id": 1,
  "frame": {
    "isFocused": true
  },
  "fromEvent": true
}
[08/17/21, 12:02:41:020] info: Store: SET_WINDOW_FRAME 
{
  "id": 1,
  "frame": {
    "isFocused": false
  },
  "fromEvent": true
}
[08/17/21, 12:02:41:023] info: Store: SET_WINDOW_FRAME 
{
  "id": 1,
  "frame": {
    "isFocused": true
  },
  "fromEvent": true
}
[08/17/21, 12:02:41:030] info: Store: SET_WINDOW_FRAME 
{
  "id": 1,
  "frame": {
    "isFocused": false
  },
  "fromEvent": true
}
[08/17/21, 12:02:41:035] info: Store: SET_WINDOW_FRAME 
{
  "id": 1,
  "frame": {
    "isFocused": true
  },
  "fromEvent": true
}
[08/17/21, 12:02:42:013] info: Store: SET_WINDOW_FRAME 
{
  "id": 1,
  "frame": {
    "bounds": {
      "x": 20,
      "y": 42,
      "width": 2520,
      "height": 1378
    },
    "isMaximized": false
  },
  "fromEvent": true
}
[08/17/21, 12:02:42:079] info: Store: UPDATE_SETTINGS 
{
  "mainWindowSettings": {
    "fullScreen": false,
    "maximized": false,
    "bounds": {
      "x": 20,
      "y": 42,
      "width": 2520,
      "height": 1378
    }
  }
}
[08/17/21, 12:02:42:377] info: Store: SET_WINDOW_FRAME 
{
  "id": 1,
  "frame": {
    "isFocused": false
  },
  "fromEvent": true
}
[08/17/21, 12:02:49:247] info: Store: SET_WINDOW_FRAME 
{
  "id": 1,
  "frame": {
    "isFocused": true
  },
  "fromEvent": true
}
[08/17/21, 12:02:49:898] info: Store: SET_WINDOW_FRAME 
{
  "id": 1,
  "frame": {
    "isFocused": false
  },
  "fromEvent": true
}
[08/17/21, 12:14:19:808] info: Store: SET_SYSTEM_IDLE idle_taskbar
[08/17/21, 12:14:49:833] info: Store: SET_SYSTEM_IDLE active
[08/17/21, 12:15:09:836] info: Store: SET_SYSTEM_IDLE idle_taskbar
[08/17/21, 12:15:19:838] info: Store: SET_SYSTEM_IDLE active
[08/17/21, 12:15:59:872] info: Store: SET_SYSTEM_IDLE idle_taskbar
[08/17/21, 12:16:09:873] info: Store: SET_SYSTEM_IDLE active
[08/17/21, 12:17:19:931] info: Store: SET_SYSTEM_IDLE idle_taskbar
[08/17/21, 12:17:39:940] info: Store: SET_SYSTEM_IDLE active
[08/17/21, 12:28:48:734] info: Store: SET_WINDOW_FRAME 
{
  "id": 1,
  "frame": {
    "isFocused": true
  },
  "fromEvent": true
}
[08/17/21, 12:28:48:961] info: Store: SET_WINDOW_FRAME 
{
  "id": 1,
  "frame": {
    "isFocused": false
  },
  "fromEvent": true
}
[08/17/21, 12:29:26:164] info: Store: SET_WINDOW_FRAME 
{
  "id": 1,
  "frame": {
    "isFocused": true
  },
  "fromEvent": true
}
[08/17/21, 12:29:26:774] info: Store: SET_WINDOW_FRAME 
{
  "id": 1,
  "frame": {
    "isFocused": false
  },
  "fromEvent": true
}
[08/17/21, 12:35:10:854] info: Store: SET_SYSTEM_IDLE idle_taskbar
[08/17/21, 12:35:20:857] info: Store: SET_SYSTEM_IDLE active
[08/17/21, 12:35:50:878] info: Store: SET_SYSTEM_IDLE idle_taskbar
[08/17/21, 12:36:10:889] info: Store: SET_SYSTEM_IDLE active
[08/17/21, 12:41:11:141] info: Store: SET_SYSTEM_IDLE idle_taskbar
[08/17/21, 12:43:51:278] info: Store: SET_SYSTEM_IDLE active
[08/17/21, 12:46:26:934] info: Store: SET_WINDOW_FRAME 
{
  "id": 1,
  "frame": {
    "isFocused": true
  },
  "fromEvent": true
}
[08/17/21, 12:46:28:218] info: Store: SET_WINDOW_FRAME 
{
  "id": 1,
  "frame": {
    "isFocused": false
  },
  "fromEvent": true
}
[08/17/21, 12:46:29:217] info: Store: SET_WINDOW_FRAME 
{
  "id": 1,
  "frame": {
    "bounds": {
      "x": 20,
      "y": 42,
      "width": 1255,
      "height": 1378
    },
    "isMaximized": false
  },
  "fromEvent": true
}
[08/17/21, 12:46:29:283] info: Store: UPDATE_SETTINGS 
{
  "mainWindowSettings": {
    "fullScreen": false,
    "maximized": false,
    "bounds": {
      "x": 20,
      "y": 42,
      "width": 1255,
      "height": 1378
    }
  }
}
[08/17/21, 12:46:29:944] info: Store: SET_WINDOW_FRAME 
{
  "id": 1,
  "frame": {
    "isFocused": true
  },
  "fromEvent": true
}
[08/17/21, 12:46:29:950] info: Store: SET_WINDOW_FRAME 
{
  "id": 1,
  "frame": {
    "isFocused": false
  },
  "fromEvent": true
}
[08/17/21, 12:46:29:951] info: Store: SET_WINDOW_FRAME 
{
  "id": 1,
  "frame": {
    "isFocused": true
  },
  "fromEvent": true
}
[08/17/21, 12:46:29:953] info: Store: SET_WINDOW_FRAME 
{
  "id": 1,
  "frame": {
    "isFocused": false
  },
  "fromEvent": true
}
[08/17/21, 12:46:29:955] info: Store: SET_WINDOW_FRAME 
{
  "id": 1,
  "frame": {
    "isFocused": true
  },
  "fromEvent": true
}
[08/17/21, 12:46:30:952] info: Store: SET_WINDOW_FRAME 
{
  "id": 1,
  "frame": {
    "bounds": {
      "x": 20,
      "y": 42,
      "width": 2520,
      "height": 1378
    },
    "isMaximized": false
  },
  "fromEvent": true
}
[08/17/21, 12:46:31:018] info: Store: UPDATE_SETTINGS 
{
  "mainWindowSettings": {
    "fullScreen": false,
    "maximized": false,
    "bounds": {
      "x": 20,
      "y": 42,
      "width": 2520,
      "height": 1378
    }
  }
}
[08/17/21, 12:46:31:378] info: Store: SET_WINDOW_FRAME 
{
  "id": 1,
  "frame": {
    "isFocused": false
  },
  "fromEvent": true
}
[08/17/21, 12:56:01:811] info: Store: SET_SYSTEM_IDLE idle_taskbar
[08/17/21, 12:56:31:834] info: Store: SET_SYSTEM_IDLE active
[08/17/21, 12:57:01:059] info: Store: SET_WINDOW_FRAME 
{
  "id": 1,
  "frame": {
    "isFocused": true
  },
  "fromEvent": true
}
[08/17/21, 12:57:01:939] info: Store: SET_WINDOW_FRAME 
{
  "id": 1,
  "frame": {
    "isFocused": false
  },
  "fromEvent": true
}
[08/17/21, 12:57:02:323] info: Store: SET_WINDOW_FRAME 
{
  "id": 1,
  "frame": {
    "isFocused": true
  },
  "fromEvent": true
}
[08/17/21, 12:57:03:730] info: Store: SET_WINDOW_FRAME 
{
  "id": 1,
  "frame": {
    "isFocused": false
  },
  "fromEvent": true
}
[08/17/21, 12:57:20:820] info: Store: SET_WINDOW_FRAME 
{
  "id": 1,
  "frame": {
    "isFocused": true
  },
  "fromEvent": true
}
[08/17/21, 12:57:21:086] info: Store: SET_WINDOW_FRAME 
{
  "id": 1,
  "frame": {
    "isFocused": false
  },
  "fromEvent": true
}
[08/17/21, 13:06:12:274] info: Store: SET_SYSTEM_IDLE idle_taskbar
[08/17/21, 13:06:22:276] info: Store: SET_SYSTEM_IDLE active
[08/17/21, 13:06:42:287] info: Store: SET_SYSTEM_IDLE idle_taskbar
[08/17/21, 13:06:52:287] info: Store: SET_SYSTEM_IDLE active
[08/17/21, 13:08:02:335] info: Store: SET_SYSTEM_IDLE idle_taskbar
[08/17/21, 13:08:42:365] info: Store: SET_SYSTEM_IDLE active
[08/17/21, 13:09:42:420] info: Store: SET_SYSTEM_IDLE idle_taskbar
[08/17/21, 13:10:12:422] info: Store: SET_SYSTEM_IDLE active
[08/17/21, 13:14:37:884] info: Store: SET_WINDOW_FRAME 
{
  "id": 1,
  "frame": {
    "isFocused": true
  },
  "fromEvent": true
}
[08/17/21, 13:14:39:029] info: Store: SET_WINDOW_FRAME 
{
  "id": 1,
  "frame": {
    "isFocused": false
  },
  "fromEvent": true
}
[08/17/21, 13:14:40:030] info: Store: SET_WINDOW_FRAME 
{
  "id": 1,
  "frame": {
    "bounds": {
      "x": 20,
      "y": 42,
      "width": 1255,
      "height": 1378
    },
    "isMaximized": false
  },
  "fromEvent": true
}
[08/17/21, 13:14:40:095] info: Store: UPDATE_SETTINGS 
{
  "mainWindowSettings": {
    "fullScreen": false,
    "maximized": false,
    "bounds": {
      "x": 20,
      "y": 42,
      "width": 1255,
      "height": 1378
    }
  }
}
[08/17/21, 13:14:59:890] info: Store: SET_WINDOW_FRAME 
{
  "id": 1,
  "frame": {
    "isFocused": true
  },
  "fromEvent": true
}
[08/17/21, 13:14:59:900] info: Store: SET_WINDOW_FRAME 
{
  "id": 1,
  "frame": {
    "isFocused": false
  },
  "fromEvent": true
}
[08/17/21, 13:14:59:901] info: Store: SET_WINDOW_FRAME 
{
  "id": 1,
  "frame": {
    "isFocused": true
  },
  "fromEvent": true
}
[08/17/21, 13:14:59:902] info: Store: SET_WINDOW_FRAME 
{
  "id": 1,
  "frame": {
    "isFocused": false
  },
  "fromEvent": true
}
[08/17/21, 13:14:59:903] info: Store: SET_WINDOW_FRAME 
{
  "id": 1,
  "frame": {
    "isFocused": true
  },
  "fromEvent": true
}
[08/17/21, 13:15:00:273] info: Store: SET_WINDOW_FRAME 
{
  "id": 1,
  "frame": {
    "isFocused": false
  },
  "fromEvent": true
}
[08/17/21, 13:15:01:274] info: Store: SET_WINDOW_FRAME 
{
  "id": 1,
  "frame": {
    "bounds": {
      "x": 20,
      "y": 42,
      "width": 1255,
      "height": 1378
    },
    "isMaximized": false
  },
  "fromEvent": true
}
[08/17/21, 13:15:01:340] info: Store: UPDATE_SETTINGS 
{
  "mainWindowSettings": {
    "fullScreen": false,
    "maximized": false,
    "bounds": {
      "x": 20,
      "y": 42,
      "width": 1255,
      "height": 1378
    }
  }
}
[08/17/21, 13:15:44:655] info: Store: SET_WINDOW_FRAME 
{
  "id": 1,
  "frame": {
    "isFocused": true
  },
  "fromEvent": true
}
[08/17/21, 13:15:45:366] info: Store: SET_WINDOW_FRAME 
{
  "id": 1,
  "frame": {
    "isFocused": false
  },
  "fromEvent": true
}
[08/17/21, 13:16:02:579] info: Store: SET_WINDOW_FRAME 
{
  "id": 1,
  "frame": {
    "isFocused": true
  },
  "fromEvent": true
}
[08/17/21, 13:16:03:236] info: Store: SET_WINDOW_FRAME 
{
  "id": 1,
  "frame": {
    "isFocused": false
  },
  "fromEvent": true
}
[08/17/21, 13:16:03:533] info: Store: SET_WINDOW_FRAME 
{
  "id": 1,
  "frame": {
    "isFocused": true
  },
  "fromEvent": true
}
[08/17/21, 13:16:03:712] info: Store: SET_WINDOW_FRAME 
{
  "id": 1,
  "frame": {
    "isFocused": false
  },
  "fromEvent": true
}
[08/17/21, 13:16:04:146] info: Store: SET_WINDOW_FRAME 
{
  "id": 1,
  "frame": {
    "isFocused": true
  },
  "fromEvent": true
}
[08/17/21, 13:16:07:817] info: Store: SET_WINDOW_FRAME 
{
  "id": 1,
  "frame": {
    "isFocused": false
  },
  "fromEvent": true
}
[08/17/21, 13:19:58:850] info: Store: SET_WINDOW_FRAME 
{
  "id": 1,
  "frame": {
    "bounds": {
      "x": 20,
      "y": 42,
      "width": 829,
      "height": 1378
    },
    "isMaximized": false
  },
  "fromEvent": true
}
[08/17/21, 13:19:58:916] info: Store: UPDATE_SETTINGS 
{
  "mainWindowSettings": {
    "fullScreen": false,
    "maximized": false,
    "bounds": {
      "x": 20,
      "y": 42,
      "width": 829,
      "height": 1378
    }
  }
}
[08/17/21, 13:20:01:585] info: Store: SET_WINDOW_FRAME 
{
  "id": 1,
  "frame": {
    "bounds": {
      "x": 20,
      "y": 42,
      "width": 1255,
      "height": 1378
    },
    "isMaximized": false
  },
  "fromEvent": true
}
[08/17/21, 13:20:01:652] info: Store: UPDATE_SETTINGS 
{
  "mainWindowSettings": {
    "fullScreen": false,
    "maximized": false,
    "bounds": {
      "x": 20,
      "y": 42,
      "width": 1255,
      "height": 1378
    }
  }
}
[08/17/21, 13:20:08:405] info: Store: SET_WINDOW_FRAME 
{
  "id": 1,
  "frame": {
    "bounds": {
      "x": 20,
      "y": 42,
      "width": 829,
      "height": 1378
    },
    "isMaximized": false
  },
  "fromEvent": true
}
[08/17/21, 13:20:08:470] info: Store: UPDATE_SETTINGS 
{
  "mainWindowSettings": {
    "fullScreen": false,
    "maximized": false,
    "bounds": {
      "x": 20,
      "y": 42,
      "width": 829,
      "height": 1378
    }
  }
}
[08/17/21, 13:20:12:459] info: Store: SET_WINDOW_FRAME 
{
  "id": 1,
  "frame": {
    "isFocused": true
  },
  "fromEvent": true
}
[08/17/21, 13:20:12:706] info: Store: SET_WINDOW_FRAME 
{
  "id": 1,
  "frame": {
    "isFocused": false
  },
  "fromEvent": true
}
[08/17/21, 13:20:12:940] info: Store: SET_WINDOW_FRAME 
{
  "id": 1,
  "frame": {
    "bounds": {
      "x": 20,
      "y": 42,
      "width": 1255,
      "height": 1378
    },
    "isMaximized": false
  },
  "fromEvent": true
}
[08/17/21, 13:20:13:007] info: Store: UPDATE_SETTINGS 
{
  "mainWindowSettings": {
    "fullScreen": false,
    "maximized": false,
    "bounds": {
      "x": 20,
      "y": 42,
      "width": 1255,
      "height": 1378
    }
  }
}
[08/17/21, 13:20:13:652] info: Store: SET_WINDOW_FRAME 
{
  "id": 1,
  "frame": {
    "isFocused": true
  },
  "fromEvent": true
}
[08/17/21, 13:20:13:655] info: Store: SET_WINDOW_FRAME 
{
  "id": 1,
  "frame": {
    "isFocused": false
  },
  "fromEvent": true
}
[08/17/21, 13:20:13:657] info: Store: SET_WINDOW_FRAME 
{
  "id": 1,
  "frame": {
    "isFocused": true
  },
  "fromEvent": true
}
[08/17/21, 13:20:13:658] info: Store: SET_WINDOW_FRAME 
{
  "id": 1,
  "frame": {
    "isFocused": false
  },
  "fromEvent": true
}
[08/17/21, 13:20:13:661] info: Store: SET_WINDOW_FRAME 
{
  "id": 1,
  "frame": {
    "isFocused": true
  },
  "fromEvent": true
}
[08/17/21, 13:20:14:357] info: Store: SET_WINDOW_FRAME 
{
  "id": 1,
  "frame": {
    "isFocused": false
  },
  "fromEvent": true
}
[08/17/21, 13:20:14:652] info: Store: SET_WINDOW_FRAME 
{
  "id": 1,
  "frame": {
    "bounds": {
      "x": 20,
      "y": 42,
      "width": 2520,
      "height": 1378
    },
    "isMaximized": false
  },
  "fromEvent": true
}
[08/17/21, 13:20:14:719] info: Store: UPDATE_SETTINGS 
{
  "mainWindowSettings": {
    "fullScreen": false,
    "maximized": false,
    "bounds": {
      "x": 20,
      "y": 42,
      "width": 2520,
      "height": 1378
    }
  }
}
[08/17/21, 13:21:02:884] info: Store: SET_SYSTEM_IDLE idle_taskbar
[08/17/21, 13:21:42:906] info: Store: SET_SYSTEM_IDLE active
[08/17/21, 13:22:02:918] info: Store: SET_SYSTEM_IDLE idle_taskbar
[08/17/21, 13:22:12:921] info: Store: SET_SYSTEM_IDLE active
[08/17/21, 13:25:23:057] info: Store: SET_SYSTEM_IDLE idle_taskbar
[08/17/21, 13:35:03:483] info: Store: SET_SYSTEM_IDLE idle_presence
[08/17/21, 14:37:46:509] info: Store: SET_SYSTEM_IDLE active
[08/17/21, 14:49:45:939] info: Store: SET_WINDOW_FRAME 
{
  "id": 1,
  "frame": {
    "isFocused": true
  },
  "fromEvent": true
}
[08/17/21, 14:49:46:206] info: Store: SET_WINDOW_FRAME 
{
  "id": 1,
  "frame": {
    "isFocused": false
  },
  "fromEvent": true
}
[08/17/21, 14:53:07:051] info: Store: SET_WINDOW_FRAME 
{
  "id": 1,
  "frame": {
    "isFocused": true
  },
  "fromEvent": true
}
[08/17/21, 14:53:08:244] info: Store: SET_WINDOW_FRAME 
{
  "id": 1,
  "frame": {
    "isFocused": false
  },
  "fromEvent": true
}
[08/17/21, 14:53:09:245] info: Store: SET_WINDOW_FRAME 
{
  "id": 1,
  "frame": {
    "bounds": {
      "x": 20,
      "y": 42,
      "width": 1255,
      "height": 1378
    },
    "isMaximized": false
  },
  "fromEvent": true
}
[08/17/21, 14:53:09:311] info: Store: UPDATE_SETTINGS 
{
  "mainWindowSettings": {
    "fullScreen": false,
    "maximized": false,
    "bounds": {
      "x": 20,
      "y": 42,
      "width": 1255,
      "height": 1378
    }
  }
}
[08/17/21, 14:53:10:283] info: Store: SET_WINDOW_FRAME 
{
  "id": 1,
  "frame": {
    "isFocused": true
  },
  "fromEvent": true
}
[08/17/21, 14:53:10:556] info: Store: SET_WINDOW_FRAME 
{
  "id": 1,
  "frame": {
    "isFocused": false
  },
  "fromEvent": true
}
[08/17/21, 14:53:11:281] info: Store: SET_WINDOW_FRAME 
{
  "id": 1,
  "frame": {
    "bounds": {
      "x": 20,
      "y": 42,
      "width": 2520,
      "height": 1378
    },
    "isMaximized": false
  },
  "fromEvent": true
}
[08/17/21, 14:53:11:347] info: Store: UPDATE_SETTINGS 
{
  "mainWindowSettings": {
    "fullScreen": false,
    "maximized": false,
    "bounds": {
      "x": 20,
      "y": 42,
      "width": 2520,
      "height": 1378
    }
  }
}
[08/17/21, 15:00:52:811] info: Store: SET_WINDOW_FRAME 
{
  "id": 1,
  "frame": {
    "bounds": {
      "x": 20,
      "y": 42,
      "width": 1255,
      "height": 1378
    },
    "isMaximized": false
  },
  "fromEvent": true
}
[08/17/21, 15:00:52:875] info: Store: UPDATE_SETTINGS 
{
  "mainWindowSettings": {
    "fullScreen": false,
    "maximized": false,
    "bounds": {
      "x": 20,
      "y": 42,
      "width": 1255,
      "height": 1378
    }
  }
}
[08/17/21, 15:00:54:721] info: Store: SET_WINDOW_FRAME 
{
  "id": 1,
  "frame": {
    "bounds": {
      "x": 20,
      "y": 42,
      "width": 829,
      "height": 1378
    },
    "isMaximized": false
  },
  "fromEvent": true
}
[08/17/21, 15:00:54:786] info: Store: UPDATE_SETTINGS 
{
  "mainWindowSettings": {
    "fullScreen": false,
    "maximized": false,
    "bounds": {
      "x": 20,
      "y": 42,
      "width": 829,
      "height": 1378
    }
  }
}
[08/17/21, 15:00:54:948] info: Store: SET_WINDOW_FRAME 
{
  "id": 1,
  "frame": {
    "isFocused": true
  },
  "fromEvent": true
}
[08/17/21, 15:00:55:661] info: Attempted to close the window, hiding due to run from tray 
[08/17/21, 15:00:55:664] info: Store: SET_WINDOW_FRAME 
{
  "id": 1,
  "frame": {
    "isVisible": false
  },
  "fromEvent": true
}
[08/17/21, 15:14:08:280] info: Store: SET_SYSTEM_IDLE idle_taskbar
[08/17/21, 15:18:48:509] info: Store: SET_SYSTEM_IDLE active
[08/17/21, 15:24:58:819] info: Store: SET_SYSTEM_IDLE idle_taskbar
[08/17/21, 15:26:08:867] info: Store: SET_SYSTEM_IDLE active
[08/17/21, 15:49:09:993] info: Store: SET_SYSTEM_IDLE idle_taskbar
[08/17/21, 15:49:19:995] info: Store: SET_SYSTEM_IDLE active
[08/17/21, 15:52:10:134] info: Store: SET_SYSTEM_IDLE idle_taskbar
[08/17/21, 15:59:40:553] info: Store: SET_SYSTEM_IDLE active
[08/17/21, 16:00:00:563] info: Store: SET_SYSTEM_IDLE idle_taskbar
[08/17/21, 16:03:20:730] info: Store: SET_SYSTEM_IDLE active
[08/17/21, 16:03:40:742] info: Store: SET_SYSTEM_IDLE idle_taskbar
[08/17/21, 16:13:21:292] info: Store: SET_SYSTEM_IDLE idle_presence
[08/17/21, 16:17:11:491] info: Store: SET_SYSTEM_IDLE active
[08/17/21, 16:18:41:573] info: Store: SET_SYSTEM_IDLE idle_taskbar
[08/17/21, 16:20:51:693] info: Store: SET_SYSTEM_IDLE active
[08/17/21, 16:21:11:705] info: Store: SET_SYSTEM_IDLE idle_taskbar
[08/17/21, 16:25:21:925] info: Store: SET_SYSTEM_IDLE active
[08/17/21, 16:25:41:932] info: Store: SET_SYSTEM_IDLE idle_taskbar
[08/17/21, 16:26:01:945] info: Store: SET_SYSTEM_IDLE active
[08/17/21, 16:26:41:979] info: Store: SET_SYSTEM_IDLE idle_taskbar
[08/17/21, 16:31:32:238] info: Store: SET_SYSTEM_IDLE active
[08/17/21, 16:32:02:249] info: Store: SET_SYSTEM_IDLE idle_taskbar
[08/17/21, 16:41:32:714] info: Store: SET_SYSTEM_IDLE idle_presence
[08/17/21, 16:50:03:123] info: Store: SET_SYSTEM_IDLE active
[08/17/21, 16:50:33:136] info: Store: SET_SYSTEM_IDLE idle_taskbar
[08/17/21, 16:51:23:176] info: Store: SET_SYSTEM_IDLE active
[08/17/21, 16:51:53:190] info: Store: SET_SYSTEM_IDLE idle_taskbar
[08/17/21, 17:01:33:654] info: Store: SET_SYSTEM_IDLE idle_presence
[08/17/21, 17:25:44:739] info: Store: SET_SYSTEM_IDLE active
[08/17/21, 17:27:04:800] info: Store: SET_SYSTEM_IDLE idle_taskbar
[08/17/21, 17:29:34:932] info: Store: SET_SYSTEM_IDLE active
[08/17/21, 17:29:54:942] info: Store: SET_SYSTEM_IDLE idle_taskbar
[08/17/21, 17:30:14:948] info: Store: SET_SYSTEM_IDLE active
[08/17/21, 17:33:45:109] info: Store: SET_SYSTEM_IDLE idle_taskbar
[08/17/21, 17:39:55:429] info: Store: SET_SYSTEM_IDLE active
[08/17/21, 17:40:15:441] info: Store: SET_SYSTEM_IDLE idle_taskbar
[08/17/21, 17:49:55:900] info: Store: SET_SYSTEM_IDLE idle_presence
[08/17/21, 18:10:06:889] info: Store: SET_SYSTEM_IDLE active
[08/17/21, 18:10:26:902] info: Store: SET_SYSTEM_IDLE idle_taskbar
[08/17/21, 18:20:07:372] info: Store: SET_SYSTEM_IDLE idle_presence
[08/17/21, 18:40:58:422] info: Store: SET_SYSTEM_IDLE active
[08/17/21, 18:41:38:449] info: Store: SET_SYSTEM_IDLE idle_taskbar
[08/17/21, 18:42:18:479] info: Store: SET_SYSTEM_IDLE active
[08/17/21, 18:45:08:621] info: Store: SET_SYSTEM_IDLE idle_taskbar
[08/17/21, 18:45:38:643] info: Store: SET_SYSTEM_IDLE active
[08/17/21, 18:46:38:688] info: Store: SET_SYSTEM_IDLE idle_taskbar
[08/17/21, 18:47:08:709] info: Store: SET_SYSTEM_IDLE active
[08/17/21, 18:50:38:879] info: Store: SET_SYSTEM_IDLE idle_taskbar
[08/17/21, 18:54:29:068] info: Store: SET_SYSTEM_IDLE active
[08/17/21, 18:55:39:135] info: Store: SET_SYSTEM_IDLE idle_taskbar
[08/17/21, 18:56:19:145] info: Store: SET_SYSTEM_IDLE active
[08/17/21, 19:05:39:632] info: Store: SET_SYSTEM_IDLE idle_taskbar
[08/17/21, 19:05:49:634] info: Store: SET_SYSTEM_IDLE active
[08/17/21, 19:10:19:865] info: Store: SET_SYSTEM_IDLE idle_taskbar
[08/17/21, 19:10:39:872] info: Store: SET_SYSTEM_IDLE active
[08/17/21, 19:11:09:879] info: Store: SET_SYSTEM_IDLE idle_taskbar
[08/17/21, 19:11:29:889] info: Store: SET_SYSTEM_IDLE active
[08/17/21, 19:17:10:172] info: Store: SET_SYSTEM_IDLE idle_taskbar
[08/17/21, 19:17:40:189] info: Store: SET_SYSTEM_IDLE active
[08/17/21, 19:20:10:302] info: Store: SET_SYSTEM_IDLE idle_taskbar
[08/17/21, 19:21:00:336] info: Store: SET_SYSTEM_IDLE active
[08/17/21, 19:32:50:959] info: Store: SET_SYSTEM_IDLE idle_taskbar
[08/17/21, 19:33:20:975] info: Store: SET_SYSTEM_IDLE active
[08/17/21, 19:33:50:995] info: Store: SET_SYSTEM_IDLE idle_taskbar
[08/17/21, 19:34:41:035] info: Store: SET_SYSTEM_IDLE active
[08/17/21, 19:35:41:082] info: Store: SET_SYSTEM_IDLE idle_taskbar
[08/17/21, 19:36:21:102] info: Store: SET_SYSTEM_IDLE active
[08/17/21, 19:37:51:178] info: Store: SET_SYSTEM_IDLE idle_taskbar
[08/17/21, 19:38:21:201] info: Store: SET_SYSTEM_IDLE active
[08/17/21, 19:40:01:282] info: Store: SET_SYSTEM_IDLE idle_taskbar
[08/17/21, 19:40:11:284] info: Store: SET_SYSTEM_IDLE active
[08/17/21, 19:42:11:378] info: Store: SET_SYSTEM_IDLE idle_taskbar
[08/17/21, 19:42:51:407] info: Store: SET_SYSTEM_IDLE active
[08/17/21, 19:44:01:462] info: Store: SET_SYSTEM_IDLE idle_taskbar
[08/17/21, 19:47:11:622] info: Store: SET_SYSTEM_IDLE active
[08/17/21, 19:48:11:674] info: Store: SET_SYSTEM_IDLE idle_taskbar
[08/17/21, 19:48:41:694] info: Store: SET_SYSTEM_IDLE active
[08/17/21, 19:49:51:745] info: Store: SET_SYSTEM_IDLE idle_taskbar
[08/17/21, 19:50:31:765] info: Store: SET_SYSTEM_IDLE active
[08/17/21, 19:51:01:786] info: Store: SET_SYSTEM_IDLE idle_taskbar
[08/17/21, 19:51:11:786] info: Store: SET_SYSTEM_IDLE active
[08/17/21, 19:51:41:805] info: Store: SET_SYSTEM_IDLE idle_taskbar
[08/17/21, 19:58:22:159] info: Store: SET_SYSTEM_IDLE active
[08/17/21, 20:02:52:395] info: Store: SET_SYSTEM_IDLE idle_taskbar
[08/17/21, 20:03:42:435] info: Store: SET_SYSTEM_IDLE active
[08/17/21, 20:07:12:598] info: Store: SET_SYSTEM_IDLE idle_taskbar
[08/17/21, 20:07:52:633] info: Store: SET_SYSTEM_IDLE active
[08/17/21, 20:08:22:649] info: Store: SET_SYSTEM_IDLE idle_taskbar
[08/17/21, 20:08:42:658] info: Store: SET_SYSTEM_IDLE active
[08/17/21, 20:09:02:668] info: Store: SET_SYSTEM_IDLE idle_taskbar
[08/17/21, 20:10:12:725] info: Store: SET_SYSTEM_IDLE active
[08/17/21, 20:11:02:765] info: Store: SET_SYSTEM_IDLE idle_taskbar
[08/17/21, 20:11:42:785] info: Store: SET_SYSTEM_IDLE active
[08/17/21, 20:15:02:960] info: Store: SET_SYSTEM_IDLE idle_taskbar
[08/17/21, 20:15:12:962] info: Store: SET_SYSTEM_IDLE active
[08/17/21, 20:18:13:105] info: Store: SET_SYSTEM_IDLE idle_taskbar
[08/17/21, 20:19:33:155] info: Store: SET_SYSTEM_IDLE active
[08/17/21, 20:20:03:168] info: Store: SET_SYSTEM_IDLE idle_taskbar
[08/17/21, 20:20:43:192] info: Store: SET_SYSTEM_IDLE active
[08/17/21, 20:21:13:210] info: Store: SET_SYSTEM_IDLE idle_taskbar
[08/17/21, 20:21:43:218] info: Store: SET_SYSTEM_IDLE active
[08/17/21, 20:23:13:287] info: Store: SET_SYSTEM_IDLE idle_taskbar
[08/17/21, 20:23:43:308] info: Store: SET_SYSTEM_IDLE active
[08/17/21, 20:25:53:405] info: Store: SET_SYSTEM_IDLE idle_taskbar
[08/17/21, 20:32:33:718] info: Store: SET_SYSTEM_IDLE active
[08/17/21, 20:35:03:829] info: Store: SET_SYSTEM_IDLE idle_taskbar
[08/17/21, 20:36:13:872] info: Store: SET_SYSTEM_IDLE active
[08/17/21, 20:38:03:947] info: Store: SET_SYSTEM_IDLE idle_taskbar
[08/17/21, 20:38:13:949] info: Store: SET_SYSTEM_IDLE active
[08/17/21, 20:43:14:188] info: Store: SET_SYSTEM_IDLE idle_taskbar
[08/17/21, 20:43:24:194] info: Store: SET_SYSTEM_IDLE active
[08/17/21, 20:44:44:248] info: Store: SET_SYSTEM_IDLE idle_taskbar
[08/17/21, 20:54:14:677] info: Store: SET_SYSTEM_IDLE idle_presence
[08/17/21, 21:30:26:452] info: Store: SET_SYSTEM_IDLE active
[08/17/21, 21:34:36:641] info: Store: SET_SYSTEM_IDLE idle_taskbar
[08/17/21, 21:35:36:684] info: Store: SET_SYSTEM_IDLE active
[08/17/21, 21:41:46:987] info: Store: SET_SYSTEM_IDLE idle_taskbar
[08/17/21, 21:47:57:291] info: Store: SET_SYSTEM_IDLE active
[08/17/21, 22:16:38:617] info: Store: SET_SYSTEM_IDLE idle_taskbar
[08/17/21, 22:16:58:627] info: Store: SET_SYSTEM_IDLE active
[08/17/21, 22:25:59:061] info: Store: SET_SYSTEM_IDLE idle_taskbar
[08/17/21, 22:26:09:060] info: Store: SET_SYSTEM_IDLE active
[08/17/21, 22:27:09:104] info: Store: SET_SYSTEM_IDLE idle_taskbar
[08/17/21, 22:27:19:106] info: Store: SET_SYSTEM_IDLE active
[08/17/21, 22:36:49:524] info: Store: SET_SYSTEM_IDLE idle_taskbar
[08/17/21, 22:37:09:530] info: Store: SET_SYSTEM_IDLE active
[08/17/21, 22:38:40:628] info: Telling native-keymap to ignore all future events as we are quitting 
[08/17/21, 22:38:40:628] info: Store: QUIT_APP 
[08/17/21, 22:38:40:630] info: EpicHelpers: Flushing cookie store for session 
{
  "sessionId": "PROD_DEFAULT_SESSION"
}
[08/17/21, 22:38:40:631] info: Disposing BasicAuthHandler… 
[08/17/21, 22:38:40:634] info: Disposing TrayHandler… 
[08/17/21, 22:38:40:646] info: Disposing AppMenu… 
[08/17/21, 22:38:40:648] info: Store: DOWNLOADS_CLEANED_UP 
[08/19/21, 19:15:00:299] info: 
╔══════════════════════════════════════════════════════╗
║      Slack 4.18.0, linux 5.13.10-arch1-1 on x64      ║
╚══════════════════════════════════════════════════════╝ 
[08/19/21, 19:15:00:300] info: Configured logger via 
{
  "shouldUseNewBackend": false,
  "loggerInstanceCount": 1
}
[08/19/21, 19:15:00:352] info: Predefined values for process 
{
  "NODE_ENV": "production",
  "platform": "linux",
  "type": "browser",
  "timeZone": "Europe/Ljubljana",
  "PACKAGE_MANIFEST.productName": "Slack",
  "PACKAGE_MANIFEST.version": "4.18.0",
  "PACKAGE_MANIFEST.commit": "f86c4c4",
  "PACKAGE_MANIFEST.branch": "HEAD"
}
[08/19/21, 19:15:00:497] info: Starting Sentry 
[08/19/21, 19:15:00:498] info: getInstanceUuid:: Read existing uuid from persisted location 
{
  "uuid": "9f3c1895-2d24-55dd-aa85-0f0e94a1123f"
}
[08/19/21, 19:15:00:667] info: Store: persist/PERSIST 
[08/19/21, 19:15:00:669] info: Store: UPDATE_SETTINGS 
{
  "locale": "en-US"
}
[08/19/21, 19:15:00:672] info: Store: persist/REHYDRATE 
{
  "appTeams": "[DEPRECATED]",
  "bookmarks": "[REDACTED]",
  "dialog": "[REDACTED]",
  "downloads": "No downloads",
  "enterprise": "No Enterprise orgs",
  "settings": {
    "isSignedIntoSlackOrg": false,
    "locale": "en-US",
    "notificationMethod": null,
    "releaseChannelOverride": null
  },
  "teams": "[DEPRECATED]",
  "webapp": "[REDACTED]",
  "workspaces": "2 workspaces: TNEF1SJ2Y,TKFEXMPHT",
  "workspacesMeta": "Selected workspace: TKFEXMPHT",
  "_persist": "Persistence version: 1"
}
[08/19/21, 19:15:00:673] info: Store: RECORD_PERFORMANCE_TIMING 
{
  "phase": 0,
  "interval": 8
}
[08/19/21, 19:15:00:674] info: Store: INITIALIZE 
{
  "resourcePath": "/usr/lib/slack/resources/app.asar",
  "tsaToken": "[REDACTED]",
  "bootFragments": []
}
[08/19/21, 19:15:00:680] info: Store: SET_SESSION_MODE 
[08/19/21, 19:15:00:690] error: Failed to load calls-desktop-interop.WindowBorderPanel 
{
  "error": {
    "stack": "Error: Module did not self-register: '/usr/lib/slack/resources/app.asar.unpacked/node_modules/@tinyspeck/calls-desktop-interop/build/Release/CallsDesktopInterop.node'.\n    at process.func [as dlopen] (electron/js2c/asar_bundle.js:5:1846)\n    at Object.Module._extensions..node (internal/modules/cjs/loader.js:1138:18)\n    at Object.func [as .node] (electron/js2c/asar_bundle.js:5:2073)\n    at Module.load (internal/modules/cjs/loader.js:935:32)\n    at Module._load (internal/modules/cjs/loader.js:776:14)\n    at Function.f._load (electron/js2c/asar_bundle.js:5:12913)\n    at Module.require (internal/modules/cjs/loader.js:959:19)\n    at require (internal/modules/cjs/helpers.js:88:18)\n    at bindings (/usr/lib/slack/resources/app.asar/node_modules/bindings/bindings.js:112:48)\n    at Object.<anonymous> (/usr/lib/slack/resources/app.asar/node_modules/@tinyspeck/calls-desktop-interop/lib/index.js:1:34)",
    "message": "Module did not self-register: '/usr/lib/slack/resources/app.asar.unpacked/node_modules/@tinyspeck/calls-desktop-interop/build/Release/CallsDesktopInterop.node'."
  },
  "stackFrameString": "[{\"columnNumber\":1846,\"lineNumber\":5,\"fileName\":\"electron/js2c/asar_bundle.js\",\"functionName\":\"process.func [as dlopen]\",\"source\":\"    at process.func [as dlopen] (electron/js2c/asar_bundle.js:5:1846)\"},{\"columnNumber\":18,\"lineNumber\":1138,\"fileName\":\"internal/modules/cjs/loader.js\",\"functionName\":\"Object.Module._extensions..node\",\"source\":\"    at Object.Module._extensions..node (internal/modules/cjs/loader.js:1138:18)\"},{\"columnNumber\":2073,\"lineNumber\":5,\"fileName\":\"electron/js2c/asar_bundle.js\",\"functionName\":\"Object.func [as .node]\",\"source\":\"    at Object.func [as .node] (electron/js2c/asar_bundle.js:5:2073)\"},{\"columnNumber\":32,\"lineNumber\":935,\"fileName\":\"internal/modules/cjs/loader.js\",\"functionName\":\"Module.load\",\"source\":\"    at Module.load (internal/modules/cjs/loader.js:935:32)\"},{\"columnNumber\":14,\"lineNumber\":776,\"fileName\":\"internal/modules/cjs/loader.js\",\"functionName\":\"Module._load\",\"source\":\"    at Module._load (internal/modules/cjs/loader.js:776:14)\"},{\"columnNumber\":12913,\"lineNumber\":5,\"fileName\":\"electron/js2c/asar_bundle.js\",\"functionName\":\"Function.f._load\",\"source\":\"    at Function.f._load (electron/js2c/asar_bundle.js:5:12913)\"},{\"columnNumber\":19,\"lineNumber\":959,\"fileName\":\"internal/modules/cjs/loader.js\",\"functionName\":\"Module.require\",\"source\":\"    at Module.require (internal/modules/cjs/loader.js:959:19)\"},{\"columnNumber\":18,\"lineNumber\":88,\"fileName\":\"internal/modules/cjs/helpers.js\",\"functionName\":\"require\",\"source\":\"    at require (internal/modules/cjs/helpers.js:88:18)\"},{\"columnNumber\":48,\"lineNumber\":112,\"fileName\":\"/usr/lib/slack/resources/app.asar/node_modules/bindings/bindings.js\",\"functionName\":\"bindings\",\"source\":\"    at bindings (/usr/lib/slack/resources/app.asar/node_modules/bindings/bindings.js:112:48)\"},{\"columnNumber\":34,\"lineNumber\":1,\"fileName\":\"/usr/lib/slack/resources/app.asar/node_modules/@tinyspeck/calls-desktop-interop/lib/index.js\",\"functionName\":\"Object.<anonymous>\",\"source\":\"    at Object.<anonymous> (/usr/lib/slack/resources/app.asar/node_modules/@tinyspeck/calls-desktop-interop/lib/index.js:1:34)\"}]"
}
[08/19/21, 19:15:00:705] warn: Failed to install protocol handler for slack:// links 
[08/19/21, 19:15:00:710] warn: Couldn't get Linux distro info from lsb_release, trying fallback to get Linux distro info 
{
  "error": {
    "stack": "Error: Command failed: lsb_release -a --short\n/bin/sh: line 1: lsb_release: command not found\n\n    at ChildProcess.exithandler (child_process.js:317:12)\n    at ChildProcess.emit (events.js:315:20)\n    at ChildProcess.EventEmitter.emit (domain.js:467:12)\n    at maybeClose (internal/child_process.js:1048:16)\n    at Socket.<anonymous> (internal/child_process.js:439:11)\n    at Socket.emit (events.js:315:20)\n    at Socket.EventEmitter.emit (domain.js:467:12)\n    at Pipe.<anonymous> (net.js:673:12)",
    "message": "Command failed: lsb_release -a --short\n/bin/sh: line 1: lsb_release: command not found\n",
    "killed": false,
    "code": 127,
    "signal": null,
    "cmd": "lsb_release -a --short",
    "stdout": "",
    "stderr": "/bin/sh: line 1: lsb_release: command not found\n"
  },
  "stackFrameString": "[{\"columnNumber\":12,\"lineNumber\":317,\"fileName\":\"child_process.js\",\"functionName\":\"ChildProcess.exithandler\",\"source\":\"    at ChildProcess.exithandler (child_process.js:317:12)\"},{\"columnNumber\":20,\"lineNumber\":315,\"fileName\":\"events.js\",\"functionName\":\"ChildProcess.emit\",\"source\":\"    at ChildProcess.emit (events.js:315:20)\"},{\"columnNumber\":12,\"lineNumber\":467,\"fileName\":\"domain.js\",\"functionName\":\"ChildProcess.EventEmitter.emit\",\"source\":\"    at ChildProcess.EventEmitter.emit (domain.js:467:12)\"},{\"columnNumber\":16,\"lineNumber\":1048,\"fileName\":\"internal/child_process.js\",\"functionName\":\"maybeClose\",\"source\":\"    at maybeClose (internal/child_process.js:1048:16)\"},{\"columnNumber\":11,\"lineNumber\":439,\"fileName\":\"internal/child_process.js\",\"functionName\":\"Socket.<anonymous>\",\"source\":\"    at Socket.<anonymous> (internal/child_process.js:439:11)\"},{\"columnNumber\":20,\"lineNumber\":315,\"fileName\":\"events.js\",\"functionName\":\"Socket.emit\",\"source\":\"    at Socket.emit (events.js:315:20)\"},{\"columnNumber\":12,\"lineNumber\":467,\"fileName\":\"domain.js\",\"functionName\":\"Socket.EventEmitter.emit\",\"source\":\"    at Socket.EventEmitter.emit (domain.js:467:12)\"},{\"columnNumber\":12,\"lineNumber\":673,\"fileName\":\"net.js\",\"functionName\":\"Pipe.<anonymous>\",\"source\":\"    at Pipe.<anonymous> (net.js:673:12)\"}]"
}
[08/19/21, 19:15:00:715] info: getLinuxDistro: getos 
{
  "res": {
    "os": "linux",
    "dist": "Arch Linux"
  }
}
[08/19/21, 19:15:00:715] info: Store: READY 
{
  "resourcePath": "/usr/lib/slack/resources/app.asar",
  "tsaToken": "[REDACTED]",
  "bootFragments": [],
  "appVersion": "4.18.0",
  "is64Bit": true,
  "isGpuCompositionAvailable": true,
  "isTitleBarHidden": false,
  "platform": "linux",
  "platformVersion": {
    "major": 5,
    "minor": 13,
    "build": 10
  },
  "releaseChannel": "prod",
  "developerMenuOverride": false,
  "uuid": "9f3c1895-2d24-55dd-aa85-0f0e94a1123f",
  "applicationProcessSessionId": "OWYzYzE4OTUtMmQyNC01NWRkLWFhODUtMGYwZTk0YTExMjNmXzE2MjkzOTMzMDA2NzQ=",
  "distribution": "DDL",
  "clientFeatureMode": 1000,
  "linux": {
    "os": "Arch Linux",
    "name": "Arch Linux ",
    "release": "",
    "codename": "",
    "desktopEnvironment": "i3"
  }
}
[08/19/21, 19:15:00:716] info: initializeApplicationEpic: trying to set ntlm credential domain for session 
{
  "sessionId": "PROD_DEFAULT_SESSION"
}
[08/19/21, 19:15:00:716] info: initializeApplicationEpic: Welcome to Slack 4.18.0 x64 
[08/19/21, 19:15:00:718] info: AutoLoginEpic: Checking for autologin. 
[08/19/21, 19:15:00:718] info: getIsUpdateSupported: Updates are not supported 
{
  "version": "4.18.0",
  "reasons": [
    "using Linux"
  ],
  "distribution": "DDL",
  "executable": "/usr/lib/slack"
}
[08/19/21, 19:15:00:731] info: Store: SET_ACCESSIBILITY_SUPPORT_ENABLED 
[08/19/21, 19:15:00:732] info: Store: CREATE_WINDOW 
{
  "type": "main"
}
[08/19/21, 19:15:00:732] info: Store: UPDATE_SETTINGS 
{
  "isSignedIntoSlackOrg": false
}
[08/19/21, 19:15:00:734] info: initialSettingsPayload: trying to invalidate settings 
{
  "payload": {
    "useHwAcceleration": true
  }
}
[08/19/21, 19:15:00:734] info: Store: UPDATE_SETTINGS 
{
  "useHwAcceleration": true
}
[08/19/21, 19:15:00:735] info: Store: SET_UPDATE_SUPPORTED 
[08/19/21, 19:15:00:751] info: System configuration information 
{
  "info": {
    "total_memory_in_gb": 47,
    "gpuFeatures": {
      "2d_canvas": "enabled",
      "gpu_compositing": "enabled",
      "multiple_raster_threads": "enabled_on",
      "oop_rasterization": "disabled_off",
      "opengl": "enabled_on",
      "rasterization": "disabled_software",
      "skia_renderer": "enabled_on",
      "video_decode": "disabled_software",
      "vulkan": "disabled_off",
      "webgl": "enabled",
      "webgl2": "enabled"
    },
    "cpu_model": "Intel(R) Core(TM) i5-8600K CPU @ 3.60GHz",
    "cpu_logical_core": 6,
    "cpu_clock_speed": 3600,
    "gpuDevice": [
      {
        "active": true,
        "cudaComputeCapabilityMajor": 0,
        "deviceId": 16018,
        "vendorId": 32902
      }
    ],
    "machine_model_name": "unknown",
    "machine_model_version": "unknown"
  }
}
[08/19/21, 19:15:00:753] info: Store: TOKEN_FILE_PROCESSED 
[08/19/21, 19:15:00:753] info: AutoLoginEpic: Processing token file for autologin. 
[08/19/21, 19:15:00:753] info: AutoLoginEpic: Completed autologin processing — successfully logged in 0 workspaces. 
[08/19/21, 19:15:00:754] info: AutoLoginEpic: Setting default sign-in team to null 
[08/19/21, 19:15:00:754] info: Store: AUTOLOGIN_TEAMS_COMPLETE 
[08/19/21, 19:15:00:754] info: Store: UPDATE_SETTINGS 
{
  "defaultSigninTeam": null
}
[08/19/21, 19:15:00:755] error: Cannot override webPreferences key(s): webviewTag 
[08/19/21, 19:15:00:779] info: MainWindowEpics: Setting main window ID 
{
  "id": 1
}
[08/19/21, 19:15:00:780] info: Store: WINDOW_CREATED 
{
  "type": "main",
  "id": 1,
  "frame": {
    "isHtmlFullScreen": false,
    "isFullScreen": false,
    "isMinimized": false,
    "isMaximized": false,
    "isVisible": false,
    "isFocused": false,
    "bounds": {
      "x": 20,
      "y": 42,
      "width": 829,
      "height": 1378
    }
  }
}
[08/19/21, 19:15:00:783] info: Watching for keyboard layout changes 
[08/19/21, 19:15:00:785] info: Store: RECORD_PERFORMANCE_TIMING 
{
  "phase": 1,
  "interval": 108
}
[08/19/21, 19:15:00:786] info: registerLifeCycleEvents: Registering webContents:1 
[08/19/21, 19:15:00:787] info: Store: UPSERT_WEB_CONTENTS 
{
  "id": 1,
  "state": "unloaded"
}
[08/19/21, 19:15:01:033] info: registerLifeCycleEvents: webContents:1 from 'unloaded' to 'loaded' took 246 ms 
[08/19/21, 19:15:01:033] info: Store: UPSERT_WEB_CONTENTS 
{
  "id": 1,
  "state": "loaded"
}
[08/19/21, 19:15:01:034] info: initializeMainWindowEpic: Showing main window 
{
  "maximized": false,
  "shouldHide": false,
  "fullScreen": false
}
[08/19/21, 19:15:01:036] info: Store: RECORD_PERFORMANCE_TIMING 
{
  "phase": 2,
  "interval": 253
}
[08/19/21, 19:15:01:036] info: Store: SET_WINDOW_FRAME 
{
  "id": 1,
  "frame": {
    "isVisible": true
  },
  "fromEvent": true
}
[08/19/21, 19:15:01:037] info: Store: MAIN_WINDOW_SHOWN 
[08/19/21, 19:15:01:039] info: Store: UPDATE_SETTINGS 
{
  "mainWindowSettings": {
    "fullScreen": false,
    "maximized": false,
    "bounds": {
      "x": 20,
      "y": 42,
      "width": 829,
      "height": 1378
    }
  }
}
[08/19/21, 19:15:01:040] info: Store: CLEAR_NOTIFICATIONS 
[08/19/21, 19:15:01:041] info: Store: SET_WINDOW_FRAME 
{
  "id": 1,
  "frame": {
    "isFullScreen": false
  },
  "fromEvent": true
}
[08/19/21, 19:15:01:045] info: Store: SET_WINDOW_FRAME 
{
  "id": 1,
  "frame": {
    "isFocused": true
  },
  "fromEvent": true
}
[08/19/21, 19:15:01:166] info: waitAuthCookieChange: waiting for auth change for session 
{
  "sessionId": "PROD_DEFAULT_SESSION"
}
[08/19/21, 19:15:01:430] info: Store: UPDATE_SETTINGS 
{
  "userTheme": "light"
}
[08/19/21, 19:15:01:430] info: Store: UPDATE_SETTINGS 
{
  "systemThemeSyncEnabled": false
}
[08/19/21, 19:15:02:045] info: Store: SYNC (Empty)
[08/19/21, 19:15:02:056] info: Store: SET_WINDOW_FRAME 
{
  "id": 1,
  "frame": {
    "bounds": {
      "x": 20,
      "y": 42,
      "width": 2520,
      "height": 1378
    },
    "isMaximized": false
  },
  "fromEvent": true
}
[08/19/21, 19:15:02:057] info: Store: SELECTION_CHANGED TKFEXMPHT
[08/19/21, 19:15:02:060] info: Store: REDUX_UPDATE_FROM_WEBAPP (TKFEXMPHT) Changed keys [theme,notificationPrefs,connectivityPrefs,featureFlags,unreads,locale,version,userId]
[08/19/21, 19:15:02:072] info: Store: SYNC Synced 1 workspaces with IDs [TKFEXMPHT]
[08/19/21, 19:15:02:075] info: Store: SELECTION_CHANGED TKFEXMPHT
[08/19/21, 19:15:02:113] info: Store: UPDATE_SETTINGS 
{
  "mainWindowSettings": {
    "fullScreen": false,
    "maximized": false,
    "bounds": {
      "x": 20,
      "y": 42,
      "width": 2520,
      "height": 1378
    }
  }
}
[08/19/21, 19:15:02:290] info: Store: UPDATE_SETTINGS 
{
  "forceHiddenInsetTitleBar": false
}
[08/19/21, 19:15:02:290] info: Store: UPDATE_SETTINGS 
{
  "trafficLightPosition": {
    "x": 14,
    "y": 22
  }
}
[08/19/21, 19:15:02:291] info: Store: UPDATE_SETTINGS 
{
  "isIAEnabled": true
}
[08/19/21, 19:15:02:293] info: Store: EXTEND_MENU global: menucategory-file,menucategory-jump-to
[08/19/21, 19:15:02:298] info: Store: EXTEND_MENU TKFEXMPHT: menucategory-file,menucategory-edit,menucategory-history,menucategory-help
[08/19/21, 19:15:02:827] info: Store: EXTEND_MENU TKFEXMPHT: menucategory-file,menucategory-edit,menucategory-history,menucategory-help
[08/19/21, 19:15:03:397] info: registerLifeCycleEvents: webContents:1 is type 'app' 
[08/19/21, 19:15:03:397] info: Store: UPSERT_WEB_CONTENTS 
{
  "id": 1,
  "type": "app",
  "history": "[REDACTED]"
}
[08/19/21, 19:15:03:420] info: Store: SET_WINDOW_FRAME 
{
  "id": 1,
  "frame": {
    "isVisible": true,
    "isFocused": true
  },
  "fromEvent": true
}
[08/19/21, 19:15:03:508] info: Store: REDUX_UPDATE_FROM_WEBAPP (TNEF1SJ2Y) Changed keys [theme,notificationPrefs,connectivityPrefs,featureFlags,unreads,locale,version,userId]
[08/19/21, 19:15:03:512] info: Store: SYNC Synced 2 workspaces with IDs [TKFEXMPHT,TNEF1SJ2Y]
[08/19/21, 19:15:03:520] info: Store: SELECTION_CHANGED TKFEXMPHT
[08/19/21, 19:15:03:521] info: registerLifeCycleEvents: webContents:1 from 'loaded' to 'webapp-loaded' took 124 ms 
[08/19/21, 19:15:03:521] info: Store: UPSERT_WEB_CONTENTS 
{
  "id": 1,
  "state": "webapp-loaded"
}
[08/19/21, 19:15:03:524] info: Store: RECORD_PERFORMANCE_TIMING 
{
  "phase": 3,
  "interval": 2489
}
[08/19/21, 19:15:04:137] info: Store: REDUX_UPDATE_FROM_WEBAPP (TKFEXMPHT) Changed keys [unreads]
[08/19/21, 19:15:04:144] info: Store: REDUX_UPDATE_FROM_WEBAPP (TKFEXMPHT) Changed keys [unreads]
[08/19/21, 19:15:04:507] info: Store: UPSERT_WEB_CONTENTS 
{
  "id": 1,
  "history": "[REDACTED]"
}
[08/19/21, 19:15:04:834] info: registerLifeCycleEvents: webContents:1 from 'webapp-loaded' to 'loaded' took 326 ms 
[08/19/21, 19:15:04:834] info: Store: UPSERT_WEB_CONTENTS 
{
  "id": 1,
  "state": "loaded"
}
[08/19/21, 19:15:05:012] info: waitAuthCookieChange: waiting for auth change for session 
{
  "sessionId": "PROD_DEFAULT_SESSION"
}
[08/19/21, 19:15:05:286] info: Store: UPDATE_SETTINGS 
{
  "userTheme": "light"
}
[08/19/21, 19:15:05:287] info: Store: UPDATE_SETTINGS 
{
  "systemThemeSyncEnabled": false
}
[08/19/21, 19:15:05:891] info: Store: SYNC (Empty)
[08/19/21, 19:15:05:896] info: Store: SELECTION_CHANGED TKFEXMPHT
[08/19/21, 19:15:05:924] info: Store: REDUX_UPDATE_FROM_WEBAPP (TKFEXMPHT) Changed keys [theme,notificationPrefs,connectivityPrefs,featureFlags,unreads,locale,version]
[08/19/21, 19:15:05:926] info: Store: REDUX_UPDATE_FROM_WEBAPP (TKFEXMPHT) Changed keys [featureFlags,userId]
[08/19/21, 19:15:05:927] info: Store: REDUX_UPDATE_FROM_WEBAPP (TKFEXMPHT) Changed keys [theme,notificationPrefs,unreads]
[08/19/21, 19:15:05:928] info: Store: REDUX_UPDATE_FROM_WEBAPP (TKFEXMPHT) Changed keys [connectivityPrefs]
[08/19/21, 19:15:05:973] info: Store: SYNC Synced 1 workspaces with IDs [TKFEXMPHT]
[08/19/21, 19:15:05:978] info: Store: SELECTION_CHANGED TKFEXMPHT
[08/19/21, 19:15:06:157] info: Store: UPDATE_SETTINGS 
{
  "forceHiddenInsetTitleBar": false
}
[08/19/21, 19:15:06:157] info: Store: UPDATE_SETTINGS 
{
  "trafficLightPosition": {
    "x": 14,
    "y": 22
  }
}
[08/19/21, 19:15:06:158] info: Store: UPDATE_SETTINGS 
{
  "isIAEnabled": true
}
[08/19/21, 19:15:06:160] info: Store: EXTEND_MENU global: menucategory-file,menucategory-jump-to
[08/19/21, 19:15:06:165] info: Store: EXTEND_MENU TKFEXMPHT: menucategory-file,menucategory-edit,menucategory-history,menucategory-help
[08/19/21, 19:15:06:499] info: Store: EXTEND_MENU TKFEXMPHT: menucategory-file,menucategory-edit,menucategory-history,menucategory-help
[08/19/21, 19:15:06:861] info: Store: SET_NETWORK_STATUS online
[08/19/21, 19:15:07:604] info: Store: REDUX_UPDATE_FROM_WEBAPP (TNEF1SJ2Y) Changed keys [theme,notificationPrefs,connectivityPrefs,featureFlags,unreads,locale,version]
[08/19/21, 19:15:07:609] info: Store: REDUX_UPDATE_FROM_WEBAPP (TNEF1SJ2Y) Changed keys [featureFlags,userId]
[08/19/21, 19:15:07:610] info: Store: REDUX_UPDATE_FROM_WEBAPP (TNEF1SJ2Y) Changed keys [theme,notificationPrefs,unreads]
[08/19/21, 19:15:07:611] info: Store: REDUX_UPDATE_FROM_WEBAPP (TNEF1SJ2Y) Changed keys [connectivityPrefs]
[08/19/21, 19:15:07:634] info: Store: SYNC Synced 2 workspaces with IDs [TKFEXMPHT,TNEF1SJ2Y]
[08/19/21, 19:15:07:638] info: Store: SELECTION_CHANGED TKFEXMPHT
[08/19/21, 19:15:07:639] info: registerLifeCycleEvents: webContents:1 from 'loaded' to 'webapp-loaded' took 2806 ms 
[08/19/21, 19:15:07:639] info: Store: UPSERT_WEB_CONTENTS 
{
  "id": 1,
  "state": "webapp-loaded"
}
[08/19/21, 19:15:09:468] info: Store: EXTEND_MENU TKFEXMPHT: menucategory-file,menucategory-edit,menucategory-history,menucategory-help
[08/19/21, 19:15:12:635] info: Store: persist/FLUSH 
[08/19/21, 19:16:40:001] info: Store: SET_WINDOW_FRAME 
{
  "id": 1,
  "frame": {
    "isFocused": false
  },
  "fromEvent": true
}
[08/19/21, 19:17:21:075] info: Store: SET_SYSTEM_IDLE idle_taskbar
[08/19/21, 19:17:51:094] info: Store: SET_SYSTEM_IDLE active
[08/19/21, 19:27:11:546] info: Store: SET_SYSTEM_IDLE idle_taskbar
[08/19/21, 19:29:21:645] info: Store: SET_SYSTEM_IDLE active
[08/19/21, 19:29:41:658] info: Store: SET_SYSTEM_IDLE idle_taskbar
[08/19/21, 19:29:51:661] info: Store: SET_SYSTEM_IDLE active
[08/19/21, 19:31:27:895] info: Store: SET_WINDOW_FRAME 
{
  "id": 1,
  "frame": {
    "isFocused": true
  },
  "fromEvent": true
}
[08/19/21, 19:31:28:575] info: Store: SET_WINDOW_FRAME 
{
  "id": 1,
  "frame": {
    "isFocused": false
  },
  "fromEvent": true
}
[08/19/21, 19:31:30:450] info: Store: SET_WINDOW_FRAME 
{
  "id": 1,
  "frame": {
    "isFocused": true
  },
  "fromEvent": true
}
[08/19/21, 19:31:32:551] info: Attempted to close the window, hiding due to run from tray 
[08/19/21, 19:31:32:553] info: Store: SET_WINDOW_FRAME 
{
  "id": 1,
  "frame": {
    "isVisible": false
  },
  "fromEvent": true
}
[08/19/21, 19:34:41:875] info: Store: SET_SYSTEM_IDLE idle_taskbar
[08/19/21, 19:35:31:908] info: Store: SET_SYSTEM_IDLE active
[08/19/21, 19:36:21:939] info: Store: SET_SYSTEM_IDLE idle_taskbar
[08/19/21, 19:36:31:940] info: Store: SET_SYSTEM_IDLE active
[08/19/21, 19:37:01:958] info: Store: SET_SYSTEM_IDLE idle_taskbar
[08/19/21, 19:37:11:960] info: Store: SET_SYSTEM_IDLE active
[08/19/21, 19:37:41:978] info: Store: SET_SYSTEM_IDLE idle_taskbar
[08/19/21, 19:39:12:048] info: Store: SET_SYSTEM_IDLE active
[08/19/21, 19:39:32:052] info: Store: SET_SYSTEM_IDLE idle_taskbar
[08/19/21, 19:43:22:227] info: Store: SET_SYSTEM_IDLE active
[08/19/21, 19:43:52:248] info: Store: SET_SYSTEM_IDLE idle_taskbar
[08/19/21, 19:45:02:298] info: Store: SET_SYSTEM_IDLE active
[08/19/21, 19:46:02:338] info: Store: SET_SYSTEM_IDLE idle_taskbar
[08/19/21, 19:46:52:369] info: Store: SET_SYSTEM_IDLE active
[08/19/21, 19:48:02:407] info: Store: SET_SYSTEM_IDLE idle_taskbar
[08/19/21, 19:50:02:500] info: Store: SET_SYSTEM_IDLE active
[08/19/21, 19:50:52:542] info: Store: SET_SYSTEM_IDLE idle_taskbar
[08/19/21, 19:51:52:582] info: Store: SET_SYSTEM_IDLE active
[08/19/21, 19:52:32:605] info: Store: SET_SYSTEM_IDLE idle_taskbar
[08/19/21, 19:54:02:671] info: Store: SET_SYSTEM_IDLE active
[08/19/21, 19:54:32:692] info: Store: SET_SYSTEM_IDLE idle_taskbar
[08/19/21, 19:56:12:760] info: Store: SET_SYSTEM_IDLE active
[08/19/21, 19:56:32:773] info: Store: SET_SYSTEM_IDLE idle_taskbar
[08/19/21, 19:56:42:775] info: Store: SET_SYSTEM_IDLE active
[08/19/21, 19:57:12:789] info: Store: SET_SYSTEM_IDLE idle_taskbar
[08/19/21, 19:58:12:831] info: Store: SET_SYSTEM_IDLE active
[08/19/21, 19:58:42:851] info: Store: SET_SYSTEM_IDLE idle_taskbar
[08/19/21, 19:59:52:898] info: Store: SET_SYSTEM_IDLE active
[08/19/21, 20:00:42:921] info: Store: SET_SYSTEM_IDLE idle_taskbar
[08/19/21, 20:02:12:985] info: Store: SET_SYSTEM_IDLE active
[08/19/21, 20:02:43:001] info: Store: SET_SYSTEM_IDLE idle_taskbar
[08/19/21, 20:03:13:021] info: Store: SET_SYSTEM_IDLE active
[08/19/21, 20:07:23:231] info: Store: SET_SYSTEM_IDLE idle_taskbar
[08/19/21, 20:07:33:234] info: Store: SET_SYSTEM_IDLE active
[08/19/21, 20:12:33:471] info: Store: SET_SYSTEM_IDLE idle_taskbar
[08/19/21, 20:13:03:491] info: Store: SET_SYSTEM_IDLE active
[08/19/21, 20:13:53:521] info: Store: SET_SYSTEM_IDLE idle_taskbar
[08/19/21, 20:15:13:581] info: Store: SET_SYSTEM_IDLE active
[08/19/21, 20:15:43:595] info: Store: SET_SYSTEM_IDLE idle_taskbar
[08/19/21, 20:17:13:658] info: Store: SET_SYSTEM_IDLE active
[08/19/21, 20:18:13:701] info: Store: SET_SYSTEM_IDLE idle_taskbar
[08/19/21, 20:19:43:770] info: Store: SET_SYSTEM_IDLE active
[08/19/21, 20:20:13:791] info: Store: SET_SYSTEM_IDLE idle_taskbar
[08/19/21, 20:20:43:811] info: Store: SET_SYSTEM_IDLE active
[08/19/21, 20:21:23:841] info: Store: SET_SYSTEM_IDLE idle_taskbar
[08/19/21, 20:21:43:851] info: Store: SET_SYSTEM_IDLE active
[08/19/21, 20:22:43:895] info: Store: SET_SYSTEM_IDLE idle_taskbar
[08/19/21, 20:24:13:960] info: Store: SET_SYSTEM_IDLE active
[08/19/21, 20:24:43:981] info: Store: SET_SYSTEM_IDLE idle_taskbar
[08/19/21, 20:26:14:041] info: Store: SET_SYSTEM_IDLE active
[08/19/21, 20:26:44:061] info: Store: SET_SYSTEM_IDLE idle_taskbar
[08/19/21, 20:27:44:101] info: Store: SET_SYSTEM_IDLE active
[08/19/21, 20:28:14:121] info: Store: SET_SYSTEM_IDLE idle_taskbar
[08/19/21, 20:28:54:141] info: Store: SET_SYSTEM_IDLE active
[08/19/21, 20:30:54:228] info: Store: SET_SYSTEM_IDLE idle_taskbar
[08/19/21, 20:32:04:277] info: Store: SET_SYSTEM_IDLE active
[08/19/21, 20:33:14:325] info: Store: SET_SYSTEM_IDLE idle_taskbar
[08/19/21, 20:33:34:338] info: Store: SET_SYSTEM_IDLE active
[08/19/21, 20:34:44:391] info: Store: SET_SYSTEM_IDLE idle_taskbar
[08/19/21, 20:35:34:419] info: Store: SET_SYSTEM_IDLE active
[08/19/21, 20:36:14:451] info: Store: SET_SYSTEM_IDLE idle_taskbar
[08/19/21, 20:37:34:511] info: Store: SET_SYSTEM_IDLE active
[08/19/21, 20:37:54:515] info: Store: SET_SYSTEM_IDLE idle_taskbar
[08/19/21, 20:39:04:565] info: Store: SET_SYSTEM_IDLE active
[08/19/21, 20:40:04:611] info: Store: SET_SYSTEM_IDLE idle_taskbar
[08/19/21, 20:42:24:731] info: Store: SET_SYSTEM_IDLE active
[08/19/21, 20:42:54:751] info: Store: SET_SYSTEM_IDLE idle_taskbar
[08/19/21, 20:43:04:752] info: Store: SET_SYSTEM_IDLE active
[08/19/21, 20:43:24:764] info: Store: SET_SYSTEM_IDLE idle_taskbar
[08/19/21, 20:44:34:811] info: Store: SET_SYSTEM_IDLE active
[08/19/21, 20:45:04:824] info: Store: SET_SYSTEM_IDLE idle_taskbar
[08/19/21, 20:45:34:841] info: Store: SET_SYSTEM_IDLE active
[08/19/21, 20:46:04:858] info: Store: SET_SYSTEM_IDLE idle_taskbar
[08/19/21, 20:46:34:875] info: Store: SET_SYSTEM_IDLE active
[08/19/21, 20:46:54:885] info: Store: SET_SYSTEM_IDLE idle_taskbar
[08/19/21, 20:47:04:886] info: Store: SET_SYSTEM_IDLE active
[08/19/21, 20:48:54:974] info: Store: SET_SYSTEM_IDLE idle_taskbar
[08/19/21, 20:49:14:985] info: Store: SET_SYSTEM_IDLE active
[08/19/21, 20:49:44:995] info: Store: SET_SYSTEM_IDLE idle_taskbar
[08/19/21, 20:59:25:464] info: Store: SET_SYSTEM_IDLE idle_presence
[08/19/21, 21:15:36:244] info: Store: SET_SYSTEM_IDLE active
[08/19/21, 21:17:46:334] info: Store: SET_SYSTEM_IDLE idle_taskbar
[08/19/21, 21:18:56:386] info: Store: SET_SYSTEM_IDLE active
[08/19/21, 21:19:16:393] info: Store: SET_SYSTEM_IDLE idle_taskbar
[08/19/21, 21:19:56:418] info: Store: SET_SYSTEM_IDLE active
[08/19/21, 21:20:16:428] info: Store: SET_SYSTEM_IDLE idle_taskbar
[08/19/21, 21:22:16:514] info: Store: SET_SYSTEM_IDLE active
[08/19/21, 21:23:46:584] info: Store: SET_SYSTEM_IDLE idle_taskbar
[08/19/21, 21:23:56:586] info: Store: SET_SYSTEM_IDLE active
[08/19/21, 21:25:06:634] info: Store: SET_SYSTEM_IDLE idle_taskbar
[08/19/21, 21:25:16:636] info: Store: SET_SYSTEM_IDLE active
[08/19/21, 21:25:46:651] info: Store: SET_SYSTEM_IDLE idle_taskbar
[08/19/21, 21:26:26:684] info: Store: SET_SYSTEM_IDLE active
[08/19/21, 21:26:56:701] info: Store: SET_SYSTEM_IDLE idle_taskbar
[08/19/21, 21:28:16:754] info: Store: SET_SYSTEM_IDLE active
[08/19/21, 21:29:46:824] info: Store: SET_SYSTEM_IDLE idle_taskbar
[08/19/21, 21:29:56:827] info: Store: SET_SYSTEM_IDLE active
[08/19/21, 21:32:16:934] info: Store: SET_SYSTEM_IDLE idle_taskbar
[08/19/21, 21:32:36:947] info: Store: SET_SYSTEM_IDLE active
[08/19/21, 21:33:06:964] info: Store: SET_SYSTEM_IDLE idle_taskbar
[08/19/21, 21:33:26:974] info: Store: SET_SYSTEM_IDLE active
[08/19/21, 21:33:56:991] info: Store: SET_SYSTEM_IDLE idle_taskbar
[08/19/21, 21:34:06:993] info: Store: SET_SYSTEM_IDLE active
[08/19/21, 21:34:47:024] info: Store: SET_SYSTEM_IDLE idle_taskbar
[08/19/21, 21:34:57:027] info: Store: SET_SYSTEM_IDLE active
[08/19/21, 21:35:17:037] info: Store: SET_SYSTEM_IDLE idle_taskbar
[08/19/21, 21:35:37:047] info: Store: SET_SYSTEM_IDLE active
[08/19/21, 21:36:07:068] info: Store: SET_SYSTEM_IDLE idle_taskbar
[08/19/21, 21:36:17:068] info: Store: SET_SYSTEM_IDLE active
[08/19/21, 21:36:37:077] info: Store: SET_SYSTEM_IDLE idle_taskbar
[08/19/21, 21:37:07:097] info: Store: SET_SYSTEM_IDLE active
[08/19/21, 21:37:37:114] info: Store: SET_SYSTEM_IDLE idle_taskbar
[08/19/21, 21:38:07:141] info: Store: SET_SYSTEM_IDLE active
[08/19/21, 21:38:47:164] info: Store: SET_SYSTEM_IDLE idle_taskbar
[08/19/21, 21:39:17:184] info: Store: SET_SYSTEM_IDLE active
[08/19/21, 21:39:37:197] info: Store: SET_SYSTEM_IDLE idle_taskbar
[08/19/21, 21:40:07:218] info: Store: SET_SYSTEM_IDLE active
[08/19/21, 21:40:37:234] info: Store: SET_SYSTEM_IDLE idle_taskbar
[08/19/21, 21:41:27:268] info: Store: SET_SYSTEM_IDLE active
[08/19/21, 21:43:07:344] info: Store: SET_SYSTEM_IDLE idle_taskbar
[08/19/21, 21:45:47:478] info: Store: SET_SYSTEM_IDLE active
[08/19/21, 21:46:07:487] info: Store: SET_SYSTEM_IDLE idle_taskbar
[08/19/21, 21:47:17:527] info: Store: SET_SYSTEM_IDLE active
[08/19/21, 21:48:17:568] info: Store: SET_SYSTEM_IDLE idle_taskbar
[08/19/21, 21:48:27:571] info: Store: SET_SYSTEM_IDLE active
[08/19/21, 21:48:47:582] info: Store: SET_SYSTEM_IDLE idle_taskbar
[08/19/21, 21:49:27:608] info: Store: SET_SYSTEM_IDLE active
[08/19/21, 21:50:17:641] info: Store: SET_SYSTEM_IDLE idle_taskbar
[08/19/21, 21:50:27:646] info: Store: SET_SYSTEM_IDLE active
[08/19/21, 21:51:07:674] info: Store: SET_SYSTEM_IDLE idle_taskbar
[08/19/21, 21:51:17:677] info: Store: SET_SYSTEM_IDLE active
[08/19/21, 21:52:37:741] info: Store: SET_SYSTEM_IDLE idle_taskbar
[08/19/21, 21:54:27:827] info: Store: SET_SYSTEM_IDLE active
[08/19/21, 21:54:57:841] info: Store: SET_SYSTEM_IDLE idle_taskbar
[08/19/21, 21:55:07:843] info: Store: SET_SYSTEM_IDLE active
[08/19/21, 22:01:28:168] info: Store: SET_SYSTEM_IDLE idle_taskbar
[08/19/21, 22:01:58:183] info: Store: SET_SYSTEM_IDLE active
[08/19/21, 22:03:18:250] info: Store: SET_SYSTEM_IDLE idle_taskbar
[08/19/21, 22:03:38:261] info: Store: SET_SYSTEM_IDLE active
[08/19/21, 22:05:18:337] info: Store: SET_SYSTEM_IDLE idle_taskbar
[08/19/21, 22:14:58:866] info: Store: SET_SYSTEM_IDLE idle_presence
[08/19/21, 22:33:59:857] info: Store: SET_SYSTEM_IDLE active
[08/19/21, 22:44:30:391] info: Store: SET_SYSTEM_IDLE idle_taskbar
[08/19/21, 22:44:50:402] info: Store: SET_SYSTEM_IDLE active
[08/19/21, 22:55:30:977] info: Store: SET_SYSTEM_IDLE idle_taskbar
[08/19/21, 22:55:40:980] info: Store: SET_SYSTEM_IDLE active
[08/19/21, 22:59:21:156] info: Store: SET_SYSTEM_IDLE idle_taskbar
[08/19/21, 22:59:31:159] info: Store: SET_SYSTEM_IDLE active
[08/19/21, 23:26:15:108] info: Telling native-keymap to ignore all future events as we are quitting 
