[08/17/21, 09:00:03:548] info: 
╔══════════════════════════════════════════════════════╗
║      Slack 4.18.0, linux 5.13.10-arch1-1 on x64      ║
╚══════════════════════════════════════════════════════╝ 
[08/17/21, 09:00:03:548] info: Configured logger via 
{
  "enableConsoleTransport": true,
  "identifierOverride": "webapp-auth-console",
  "shouldUseNewBackend": false,
  "loggerInstanceCount": 4
}
[08/17/21, 09:00:03:548] info: Predefined values for process 
{
  "NODE_ENV": "production",
  "platform": "linux",
  "type": "browser",
  "timeZone": "Europe/Ljubljana",
  "PACKAGE_MANIFEST.productName": "Slack",
  "PACKAGE_MANIFEST.version": "4.18.0",
  "PACKAGE_MANIFEST.commit": "f86c4c4",
  "PACKAGE_MANIFEST.branch": "HEAD"
}
